This is pdfTeX, Version 3.14159265-2.6-1.40.21 (TeX Live 2020/W32TeX) (preloaded format=pdflatex 2023.9.14)  19 FEB 2024 11:29
entering extended mode
 restricted \write18 enabled.
 file:line:error style messages enabled.
 %&-line parsing enabled.
**c:/code/LaTeX/Linear-Algebra-Done-Right/Linear-Algebra-Done-Right.tex
(c:/code/LaTeX/Linear-Algebra-Done-Right/Linear-Algebra-Done-Right.tex
LaTeX2e <2020-02-02> patch level 5
L3 programming layer <2020-03-06> (c:/texlive/2020/texmf-dist/tex/latex/base/article.cls
Document Class: article 2019/12/20 v1.4l Standard LaTeX document class
(c:/texlive/2020/texmf-dist/tex/latex/base/size10.clo
File: size10.clo 2019/12/20 v1.4l Standard LaTeX file (size option)
)
\c@part=\count167
\c@section=\count168
\c@subsection=\count169
\c@subsubsection=\count170
\c@paragraph=\count171
\c@subparagraph=\count172
\c@figure=\count173
\c@table=\count174
\abovecaptionskip=\skip47
\belowcaptionskip=\skip48
\bibindent=\dimen134
) (c:/texlive/2020/texmf-dist/tex/latex/graphics/graphicx.sty
Package: graphicx 2019/11/30 v1.2a Enhanced LaTeX Graphics (DPC,SPQR)
 (c:/texlive/2020/texmf-dist/tex/latex/graphics/keyval.sty
Package: keyval 2014/10/28 v1.15 key=value parser (DPC)
\KV@toks@=\toks15
) (c:/texlive/2020/texmf-dist/tex/latex/graphics/graphics.sty
Package: graphics 2019/11/30 v1.4a Standard LaTeX Graphics (DPC,SPQR)
 (c:/texlive/2020/texmf-dist/tex/latex/graphics/trig.sty
Package: trig 2016/01/03 v1.10 sin cos tan (DPC)
) (c:/texlive/2020/texmf-dist/tex/latex/graphics-cfg/graphics.cfg
File: graphics.cfg 2016/06/04 v1.11 sample graphics configuration
)
Package graphics Info: Driver file: pdftex.def on input line 105.
 (c:/texlive/2020/texmf-dist/tex/latex/graphics-def/pdftex.def
File: pdftex.def 2018/01/08 v1.0l Graphics/color driver for pdftex
))
\Gin@req@height=\dimen135
\Gin@req@width=\dimen136
) (c:/texlive/2020/texmf-dist/tex/latex/ctex/ctex.sty (c:/texlive/2020/texmf-dist/tex/latex/l3kernel/expl3.sty
Package: expl3 2020-03-06 L3 programming layer (loader) 
 (c:/texlive/2020/texmf-dist/tex/latex/l3backend/l3backend-pdfmode.def
File: l3backend-pdfmode.def 2020-03-12 L3 backend support: PDF mode
\l__kernel_color_stack_int=\count175
\l__pdf_internal_box=\box45
))
Package: ctex 2019/05/29 v2.4.16 Chinese adapter in LaTeX (CTEX)
 (c:/texlive/2020/texmf-dist/tex/latex/l3packages/xparse/xparse.sty
Package: xparse 2020-03-06 L3 Experimental document command parser
\l__xparse_current_arg_int=\count176
\g__xparse_grabber_int=\count177
\l__xparse_m_args_int=\count178
\l__xparse_v_nesting_int=\count179
) (c:/texlive/2020/texmf-dist/tex/latex/l3packages/l3keys2e/l3keys2e.sty
Package: l3keys2e 2020-03-06 LaTeX2e option processing using LaTeX3 keys
) (c:/texlive/2020/texmf-dist/tex/latex/ctex/ctexhook.sty
Package: ctexhook 2019/05/29 v2.4.16 Document and package hooks (CTEX)
) (c:/texlive/2020/texmf-dist/tex/latex/ctex/ctexpatch.sty
Package: ctexpatch 2019/05/29 v2.4.16 Patching commands (CTEX)
) (c:/texlive/2020/texmf-dist/tex/latex/base/fix-cm.sty
Package: fix-cm 2015/01/14 v1.1t fixes to LaTeX
 (c:/texlive/2020/texmf-dist/tex/latex/base/ts1enc.def
File: ts1enc.def 2001/06/05 v3.0e (jk/car/fm) Standard LaTeX file
LaTeX Font Info:    Redeclaring font encoding TS1 on input line 47.
)) (c:/texlive/2020/texmf-dist/tex/latex/ms/everysel.sty
Package: everysel 2011/10/28 v1.2 EverySelectfont Package (MS)
)
\l__ctex_tmp_int=\count180
\l__ctex_tmp_box=\box46
\l__ctex_tmp_dim=\dimen137
\g__ctex_section_depth_int=\count181
\g__ctex_font_size_int=\count182
 (c:/texlive/2020/texmf-dist/tex/latex/ctex/config/ctexopts.cfg
File: ctexopts.cfg 2019/05/29 v2.4.16 Option configuration file (CTEX)
) (c:/texlive/2020/texmf-dist/tex/latex/ctex/engine/ctex-engine-pdftex.def
File: ctex-engine-pdftex.def 2019/05/29 v2.4.16 (pdf)LaTeX adapter (CTEX)
 (c:/texlive/2020/texmf-dist/tex/latex/cjk/texinput/CJK.sty
Package: CJK 2015/04/18 4.8.4
 (c:/texlive/2020/texmf-dist/tex/latex/cjk/texinput/mule/MULEenc.sty
Package: MULEenc 2015/04/18 4.8.4
) (c:/texlive/2020/texmf-dist/tex/latex/cjk/texinput/CJK.enc
File: CJK.enc 2015/04/18 4.8.4
Now handling font encoding C00 ...
... no UTF-8 mapping file for font encoding C00
Now handling font encoding C05 ...
... no UTF-8 mapping file for font encoding C05
Now handling font encoding C09 ...
... no UTF-8 mapping file for font encoding C09
Now handling font encoding C10 ...
... no UTF-8 mapping file for font encoding C10
Now handling font encoding C20 ...
... no UTF-8 mapping file for font encoding C20
Now handling font encoding C19 ...
... no UTF-8 mapping file for font encoding C19
Now handling font encoding C40 ...
... no UTF-8 mapping file for font encoding C40
Now handling font encoding C42 ...
... no UTF-8 mapping file for font encoding C42
Now handling font encoding C43 ...
... no UTF-8 mapping file for font encoding C43
Now handling font encoding C50 ...
... no UTF-8 mapping file for font encoding C50
Now handling font encoding C52 ...
... no UTF-8 mapping file for font encoding C52
Now handling font encoding C49 ...
... no UTF-8 mapping file for font encoding C49
Now handling font encoding C60 ...
... no UTF-8 mapping file for font encoding C60
Now handling font encoding C61 ...
... no UTF-8 mapping file for font encoding C61
Now handling font encoding C63 ...
... no UTF-8 mapping file for font encoding C63
Now handling font encoding C64 ...
... no UTF-8 mapping file for font encoding C64
Now handling font encoding C65 ...
... no UTF-8 mapping file for font encoding C65
Now handling font encoding C70 ...
... no UTF-8 mapping file for font encoding C70
Now handling font encoding C31 ...
... no UTF-8 mapping file for font encoding C31
Now handling font encoding C32 ...
... no UTF-8 mapping file for font encoding C32
Now handling font encoding C33 ...
... no UTF-8 mapping file for font encoding C33
Now handling font encoding C34 ...
... no UTF-8 mapping file for font encoding C34
Now handling font encoding C35 ...
... no UTF-8 mapping file for font encoding C35
Now handling font encoding C36 ...
... no UTF-8 mapping file for font encoding C36
Now handling font encoding C37 ...
... no UTF-8 mapping file for font encoding C37
Now handling font encoding C80 ...
... no UTF-8 mapping file for font encoding C80
Now handling font encoding C81 ...
... no UTF-8 mapping file for font encoding C81
Now handling font encoding C01 ...
... no UTF-8 mapping file for font encoding C01
Now handling font encoding C11 ...
... no UTF-8 mapping file for font encoding C11
Now handling font encoding C21 ...
... no UTF-8 mapping file for font encoding C21
Now handling font encoding C41 ...
... no UTF-8 mapping file for font encoding C41
Now handling font encoding C62 ...
... no UTF-8 mapping file for font encoding C62
)
LaTeX Info: Redefining \selectfont on input line 755.
\CJK@indent=\box47
) (c:/texlive/2020/texmf-dist/tex/latex/cjkpunct/CJKpunct.sty
Package: CJKpunct 2016/05/14 4.8.4
\CJKpunct@cnta=\count183
\CJKpunct@cntb=\count184
\CJKpunct@cntc=\count185
\CJKpunct@cntd=\count186
\CJKpunct@cnte=\count187
   defining Unicode char U+2018 (decimal 8216)
   defining Unicode char U+2019 (decimal 8217)
   defining Unicode char U+201C (decimal 8220)
   defining Unicode char U+201D (decimal 8221)
   defining Unicode char U+2014 (decimal 8212)
   defining Unicode char U+2026 (decimal 8230)
 (c:/texlive/2020/texmf-dist/tex/latex/cjkpunct/CJKpunct.spa)) (c:/texlive/2020/texmf-dist/tex/latex/cjk/texinput/CJKspace.sty
Package: CJKspace 2015/04/18 3.8.0
) (c:/texlive/2020/texmf-dist/tex/latex/cjk/texinput/standard.bdg
File: standard.bdg 2015/04/18 4.8.4
) (c:/texlive/2020/texmf-dist/tex/latex/ctex/ctexspa.def
File: ctexspa.def 2019/05/29 v2.4.16 Space info for CJKpunct (CTEX)
) (c:/texlive/2020/texmf-dist/tex/latex/cjk/texinput/CJKfntef.sty
Package: CJKfntef 2015/04/18 4.8.4
 (c:/texlive/2020/texmf-dist/tex/latex/cjk/texinput/CJKulem.sty
Package: CJKulem 2015/04/18 4.8.4
 (c:/texlive/2020/texmf-dist/tex/generic/ulem/ulem.sty
\UL@box=\box48
\UL@hyphenbox=\box49
\UL@skip=\skip49
\UL@hook=\toks16
\UL@height=\dimen138
\UL@pe=\count188
\UL@pixel=\dimen139
\ULC@box=\box50
Package: ulem 2019/11/18
\ULdepth=\dimen140
)
\UL@lastkern=\dimen141
\CJK@skip=\skip50
)
\CJK@fntefSkip=\skip51
\CJK@nest=\count189
\CJK@fntefDimen=\dimen142
\CJK@underdotBox=\box51
\CJK@ULbox=\box52
\CJK@underanyskip=\dimen143
)
\ccwd=\dimen144
\l__ctex_ccglue_skip=\skip52
)
\l__ctex_ziju_dim=\dimen145
 (c:/texlive/2020/texmf-dist/tex/latex/zhnumber/zhnumber.sty
Package: zhnumber 2019/04/07 v2.7 Typesetting numbers with Chinese glyphs
\l__zhnum_scale_int=\count190
\l__zhnum_byte_min_int=\count191
\l__zhnum_byte_max_int=\count192
 (c:/texlive/2020/texmf-dist/tex/latex/zhnumber/zhnumber-gbk.cfg
File: zhnumber-gbk.cfg 2019/04/07 v2.7 Chinese numerals with GBK encoding
)) (c:/texlive/2020/texmf-dist/tex/latex/ctex/scheme/ctex-scheme-chinese.def
File: ctex-scheme-chinese.def 2019/05/29 v2.4.16 Chinese scheme for generic (CTEX)
 (c:/texlive/2020/texmf-dist/tex/latex/ctex/config/ctex-name-gbk.cfg
File: ctex-name-gbk.cfg 2019/05/29 v2.4.16 Caption with encoding GBK (CTEX)
)) (c:/texlive/2020/texmf-dist/tex/latex/tools/indentfirst.sty
Package: indentfirst 1995/11/23 v1.03 Indent first paragraph (DPC)
) (c:/texlive/2020/texmf-dist/tex/latex/ctex/ctex-c5size.clo
File: ctex-c5size.clo 2019/05/29 v2.4.16 c5size option (CTEX)
) (c:/texlive/2020/texmf-dist/tex/latex/ctex/fontset/ctex-fontset-windows.def
File: ctex-fontset-windows.def 2019/05/29 v2.4.16 Windows fonts definition (CTEX)
 (c:/texlive/2020/texmf-dist/tex/latex/ctex/fontset/ctex-fontset-windowsnew.def
File: ctex-fontset-windowsnew.def 2019/05/29 v2.4.16 Windows fonts definition for Vista or later version (CTEX)
 (c:/texlive/2020/texmf-dist/tex/generic/ctex/zhwindowsfonts.tex
File: zhwindowsfonts.tex 2019/05/29 v2.4.16 Windows font map loader for pdfTeX and DVIPDFMx (CTEX)
{c:/texlive/2020/texmf-var/fonts/map/pdftex/updmap/pdftex.map}{UGBK.sfd}{Unicode.sfd})))) (c:/texlive/2020/texmf-dist/tex/latex/ctex/config/ctex.cfg
File: ctex.cfg 2019/05/29 v2.4.16 Configuration file (CTEX)
) (c:/texlive/2020/texmf-dist/tex/latex/amsfonts/amsfonts.sty
Package: amsfonts 2013/01/14 v3.01 Basic AMSFonts support
\@emptytoks=\toks17
\symAMSa=\mathgroup4
\symAMSb=\mathgroup5
LaTeX Font Info:    Redeclaring math symbol \hbar on input line 98.
LaTeX Font Info:    Overwriting math alphabet `\mathfrak' in version `bold'
(Font)                  U/euf/m/n --> U/euf/b/n on input line 106.
) (c:/texlive/2020/texmf-dist/tex/latex/amsfonts/amssymb.sty
Package: amssymb 2013/01/14 v3.01 AMS font symbols
) (c:/texlive/2020/texmf-dist/tex/latex/amsmath/amsmath.sty
Package: amsmath 2020/01/20 v2.17e AMS math features
\@mathmargin=\skip53

For additional information on amsmath, use the `?' option.
(c:/texlive/2020/texmf-dist/tex/latex/amsmath/amstext.sty
Package: amstext 2000/06/29 v2.01 AMS text
 (c:/texlive/2020/texmf-dist/tex/latex/amsmath/amsgen.sty
File: amsgen.sty 1999/11/30 v2.0 generic functions
\@emptytoks=\toks18
\ex@=\dimen146
)) (c:/texlive/2020/texmf-dist/tex/latex/amsmath/amsbsy.sty
Package: amsbsy 1999/11/29 v1.2d Bold Symbols
\pmbraise@=\dimen147
) (c:/texlive/2020/texmf-dist/tex/latex/amsmath/amsopn.sty
Package: amsopn 2016/03/08 v2.02 operator names
)
\inf@bad=\count193
LaTeX Info: Redefining \frac on input line 227.
\uproot@=\count194
\leftroot@=\count195
LaTeX Info: Redefining \overline on input line 389.
\classnum@=\count196
\DOTSCASE@=\count197
LaTeX Info: Redefining \ldots on input line 486.
LaTeX Info: Redefining \dots on input line 489.
LaTeX Info: Redefining \cdots on input line 610.
\Mathstrutbox@=\box53
\strutbox@=\box54
\big@size=\dimen148
LaTeX Font Info:    Redeclaring font encoding OML on input line 733.
LaTeX Font Info:    Redeclaring font encoding OMS on input line 734.
\macc@depth=\count198
\c@MaxMatrixCols=\count199
\dotsspace@=\muskip16
\c@parentequation=\count266
\dspbrk@lvl=\count267
\tag@help=\toks19
\row@=\count268
\column@=\count269
\maxfields@=\count270
\andhelp@=\toks20
\eqnshift@=\dimen149
\alignsep@=\dimen150
\tagshift@=\dimen151
\tagwidth@=\dimen152
\totwidth@=\dimen153
\lineht@=\dimen154
\@envbody=\toks21
\multlinegap=\skip54
\multlinetaggap=\skip55
\mathdisplay@stack=\toks22
LaTeX Info: Redefining \[ on input line 2859.
LaTeX Info: Redefining \] on input line 2860.
) (c:/texlive/2020/texmf-dist/tex/latex/amscls/amsthm.sty
Package: amsthm 2017/10/31 v2.20.4
\thm@style=\toks23
\thm@bodyfont=\toks24
\thm@headfont=\toks25
\thm@notefont=\toks26
\thm@headpunct=\toks27
\thm@preskip=\skip56
\thm@postskip=\skip57
\thm@headsep=\skip58
\dth@everypar=\toks28
) (c:/texlive/2020/texmf-dist/tex/latex/pgfplots/pgfplots.sty (c:/texlive/2020/texmf-dist/tex/generic/pgfplots/pgfplots.revision.tex)
Package: pgfplots 2020/02/29 v1.17 Data Visualization (1.17)
 (c:/texlive/2020/texmf-dist/tex/latex/pgf/frontendlayer/tikz.sty (c:/texlive/2020/texmf-dist/tex/latex/pgf/basiclayer/pgf.sty (c:/texlive/2020/texmf-dist/tex/latex/pgf/utilities/pgfrcs.sty (c:/texlive/2020/texmf-dist/tex/generic/pgf/utilities/pgfutil-common.tex
\pgfutil@everybye=\toks29
\pgfutil@tempdima=\dimen155
\pgfutil@tempdimb=\dimen156
 (c:/texlive/2020/texmf-dist/tex/generic/pgf/utilities/pgfutil-common-lists.tex)) (c:/texlive/2020/texmf-dist/tex/generic/pgf/utilities/pgfutil-latex.def
\pgfutil@abb=\box55
 (c:/texlive/2020/texmf-dist/tex/latex/ms/everyshi.sty
Package: everyshi 2001/05/15 v3.00 EveryShipout Package (MS)
)) (c:/texlive/2020/texmf-dist/tex/generic/pgf/utilities/pgfrcs.code.tex (c:/texlive/2020/texmf-dist/tex/generic/pgf/pgf.revision.tex)
Package: pgfrcs 2020/01/08 v3.1.5b (3.1.5b)
))
Package: pgf 2020/01/08 v3.1.5b (3.1.5b)
 (c:/texlive/2020/texmf-dist/tex/latex/pgf/basiclayer/pgfcore.sty (c:/texlive/2020/texmf-dist/tex/latex/pgf/systemlayer/pgfsys.sty (c:/texlive/2020/texmf-dist/tex/generic/pgf/systemlayer/pgfsys.code.tex
Package: pgfsys 2020/01/08 v3.1.5b (3.1.5b)
 (c:/texlive/2020/texmf-dist/tex/generic/pgf/utilities/pgfkeys.code.tex
\pgfkeys@pathtoks=\toks30
\pgfkeys@temptoks=\toks31
 (c:/texlive/2020/texmf-dist/tex/generic/pgf/utilities/pgfkeysfiltered.code.tex
\pgfkeys@tmptoks=\toks32
))
\pgf@x=\dimen157
\pgf@y=\dimen158
\pgf@xa=\dimen159
\pgf@ya=\dimen160
\pgf@xb=\dimen161
\pgf@yb=\dimen162
\pgf@xc=\dimen163
\pgf@yc=\dimen164
\pgf@xd=\dimen165
\pgf@yd=\dimen166
\w@pgf@writea=\write3
\r@pgf@reada=\read2
\c@pgf@counta=\count271
\c@pgf@countb=\count272
\c@pgf@countc=\count273
\c@pgf@countd=\count274
\t@pgf@toka=\toks33
\t@pgf@tokb=\toks34
\t@pgf@tokc=\toks35
\pgf@sys@id@count=\count275
 (c:/texlive/2020/texmf-dist/tex/generic/pgf/systemlayer/pgf.cfg
File: pgf.cfg 2020/01/08 v3.1.5b (3.1.5b)
)
Driver file for pgf: pgfsys-pdftex.def
 (c:/texlive/2020/texmf-dist/tex/generic/pgf/systemlayer/pgfsys-pdftex.def
File: pgfsys-pdftex.def 2020/01/08 v3.1.5b (3.1.5b)
 (c:/texlive/2020/texmf-dist/tex/generic/pgf/systemlayer/pgfsys-common-pdf.def
File: pgfsys-common-pdf.def 2020/01/08 v3.1.5b (3.1.5b)
))) (c:/texlive/2020/texmf-dist/tex/generic/pgf/systemlayer/pgfsyssoftpath.code.tex
File: pgfsyssoftpath.code.tex 2020/01/08 v3.1.5b (3.1.5b)
\pgfsyssoftpath@smallbuffer@items=\count276
\pgfsyssoftpath@bigbuffer@items=\count277
) (c:/texlive/2020/texmf-dist/tex/generic/pgf/systemlayer/pgfsysprotocol.code.tex
File: pgfsysprotocol.code.tex 2020/01/08 v3.1.5b (3.1.5b)
)) (c:/texlive/2020/texmf-dist/tex/latex/xcolor/xcolor.sty
Package: xcolor 2016/05/11 v2.12 LaTeX color extensions (UK)
 (c:/texlive/2020/texmf-dist/tex/latex/graphics-cfg/color.cfg
File: color.cfg 2016/01/02 v1.6 sample color configuration
)
Package xcolor Info: Driver file: pdftex.def on input line 225.
Package xcolor Info: Model `cmy' substituted by `cmy0' on input line 1348.
Package xcolor Info: Model `hsb' substituted by `rgb' on input line 1352.
Package xcolor Info: Model `RGB' extended on input line 1364.
Package xcolor Info: Model `HTML' substituted by `rgb' on input line 1366.
Package xcolor Info: Model `Hsb' substituted by `hsb' on input line 1367.
Package xcolor Info: Model `tHsb' substituted by `hsb' on input line 1368.
Package xcolor Info: Model `HSB' substituted by `hsb' on input line 1369.
Package xcolor Info: Model `Gray' substituted by `gray' on input line 1370.
Package xcolor Info: Model `wave' substituted by `hsb' on input line 1371.
) (c:/texlive/2020/texmf-dist/tex/generic/pgf/basiclayer/pgfcore.code.tex
Package: pgfcore 2020/01/08 v3.1.5b (3.1.5b)
 (c:/texlive/2020/texmf-dist/tex/generic/pgf/math/pgfmath.code.tex (c:/texlive/2020/texmf-dist/tex/generic/pgf/math/pgfmathcalc.code.tex (c:/texlive/2020/texmf-dist/tex/generic/pgf/math/pgfmathutil.code.tex) (c:/texlive/2020/texmf-dist/tex/generic/pgf/math/pgfmathparser.code.tex
\pgfmath@dimen=\dimen167
\pgfmath@count=\count278
\pgfmath@box=\box56
\pgfmath@toks=\toks36
\pgfmath@stack@operand=\toks37
\pgfmath@stack@operation=\toks38
) (c:/texlive/2020/texmf-dist/tex/generic/pgf/math/pgfmathfunctions.code.tex (c:/texlive/2020/texmf-dist/tex/generic/pgf/math/pgfmathfunctions.basic.code.tex) (c:/texlive/2020/texmf-dist/tex/generic/pgf/math/pgfmathfunctions.trigonometric.code.tex) (c:/texlive/2020/texmf-dist/tex/generic/pgf/math/pgfmathfunctions.random.code.tex) (c:/texlive/2020/texmf-dist/tex/generic/pgf/math/pgfmathfunctions.comparison.code.tex) (c:/texlive/2020/texmf-dist/tex/generic/pgf/math/pgfmathfunctions.base.code.tex) (c:/texlive/2020/texmf-dist/tex/generic/pgf/math/pgfmathfunctions.round.code.tex) (c:/texlive/2020/texmf-dist/tex/generic/pgf/math/pgfmathfunctions.misc.code.tex) (c:/texlive/2020/texmf-dist/tex/generic/pgf/math/pgfmathfunctions.integerarithmetics.code.tex))) (c:/texlive/2020/texmf-dist/tex/generic/pgf/math/pgfmathfloat.code.tex
\c@pgfmathroundto@lastzeros=\count279
)) (c:/texlive/2020/texmf-dist/tex/generic/pgf/math/pgfint.code.tex) (c:/texlive/2020/texmf-dist/tex/generic/pgf/basiclayer/pgfcorepoints.code.tex
File: pgfcorepoints.code.tex 2020/01/08 v3.1.5b (3.1.5b)
\pgf@picminx=\dimen168
\pgf@picmaxx=\dimen169
\pgf@picminy=\dimen170
\pgf@picmaxy=\dimen171
\pgf@pathminx=\dimen172
\pgf@pathmaxx=\dimen173
\pgf@pathminy=\dimen174
\pgf@pathmaxy=\dimen175
\pgf@xx=\dimen176
\pgf@xy=\dimen177
\pgf@yx=\dimen178
\pgf@yy=\dimen179
\pgf@zx=\dimen180
\pgf@zy=\dimen181
) (c:/texlive/2020/texmf-dist/tex/generic/pgf/basiclayer/pgfcorepathconstruct.code.tex
File: pgfcorepathconstruct.code.tex 2020/01/08 v3.1.5b (3.1.5b)
\pgf@path@lastx=\dimen182
\pgf@path@lasty=\dimen183
) (c:/texlive/2020/texmf-dist/tex/generic/pgf/basiclayer/pgfcorepathusage.code.tex
File: pgfcorepathusage.code.tex 2020/01/08 v3.1.5b (3.1.5b)
\pgf@shorten@end@additional=\dimen184
\pgf@shorten@start@additional=\dimen185
) (c:/texlive/2020/texmf-dist/tex/generic/pgf/basiclayer/pgfcorescopes.code.tex
File: pgfcorescopes.code.tex 2020/01/08 v3.1.5b (3.1.5b)
\pgfpic=\box57
\pgf@hbox=\box58
\pgf@layerbox@main=\box59
\pgf@picture@serial@count=\count280
) (c:/texlive/2020/texmf-dist/tex/generic/pgf/basiclayer/pgfcoregraphicstate.code.tex
File: pgfcoregraphicstate.code.tex 2020/01/08 v3.1.5b (3.1.5b)
\pgflinewidth=\dimen186
) (c:/texlive/2020/texmf-dist/tex/generic/pgf/basiclayer/pgfcoretransformations.code.tex
File: pgfcoretransformations.code.tex 2020/01/08 v3.1.5b (3.1.5b)
\pgf@pt@x=\dimen187
\pgf@pt@y=\dimen188
\pgf@pt@temp=\dimen189
) (c:/texlive/2020/texmf-dist/tex/generic/pgf/basiclayer/pgfcorequick.code.tex
File: pgfcorequick.code.tex 2020/01/08 v3.1.5b (3.1.5b)
) (c:/texlive/2020/texmf-dist/tex/generic/pgf/basiclayer/pgfcoreobjects.code.tex
File: pgfcoreobjects.code.tex 2020/01/08 v3.1.5b (3.1.5b)
) (c:/texlive/2020/texmf-dist/tex/generic/pgf/basiclayer/pgfcorepathprocessing.code.tex
File: pgfcorepathprocessing.code.tex 2020/01/08 v3.1.5b (3.1.5b)
) (c:/texlive/2020/texmf-dist/tex/generic/pgf/basiclayer/pgfcorearrows.code.tex
File: pgfcorearrows.code.tex 2020/01/08 v3.1.5b (3.1.5b)
\pgfarrowsep=\dimen190
) (c:/texlive/2020/texmf-dist/tex/generic/pgf/basiclayer/pgfcoreshade.code.tex
File: pgfcoreshade.code.tex 2020/01/08 v3.1.5b (3.1.5b)
\pgf@max=\dimen191
\pgf@sys@shading@range@num=\count281
\pgf@shadingcount=\count282
) (c:/texlive/2020/texmf-dist/tex/generic/pgf/basiclayer/pgfcoreimage.code.tex
File: pgfcoreimage.code.tex 2020/01/08 v3.1.5b (3.1.5b)
 (c:/texlive/2020/texmf-dist/tex/generic/pgf/basiclayer/pgfcoreexternal.code.tex
File: pgfcoreexternal.code.tex 2020/01/08 v3.1.5b (3.1.5b)
\pgfexternal@startupbox=\box60
)) (c:/texlive/2020/texmf-dist/tex/generic/pgf/basiclayer/pgfcorelayers.code.tex
File: pgfcorelayers.code.tex 2020/01/08 v3.1.5b (3.1.5b)
) (c:/texlive/2020/texmf-dist/tex/generic/pgf/basiclayer/pgfcoretransparency.code.tex
File: pgfcoretransparency.code.tex 2020/01/08 v3.1.5b (3.1.5b)
) (c:/texlive/2020/texmf-dist/tex/generic/pgf/basiclayer/pgfcorepatterns.code.tex
File: pgfcorepatterns.code.tex 2020/01/08 v3.1.5b (3.1.5b)
) (c:/texlive/2020/texmf-dist/tex/generic/pgf/basiclayer/pgfcorerdf.code.tex
File: pgfcorerdf.code.tex 2020/01/08 v3.1.5b (3.1.5b)
))) (c:/texlive/2020/texmf-dist/tex/generic/pgf/modules/pgfmoduleshapes.code.tex
File: pgfmoduleshapes.code.tex 2020/01/08 v3.1.5b (3.1.5b)
\pgfnodeparttextbox=\box61
) (c:/texlive/2020/texmf-dist/tex/generic/pgf/modules/pgfmoduleplot.code.tex
File: pgfmoduleplot.code.tex 2020/01/08 v3.1.5b (3.1.5b)
) (c:/texlive/2020/texmf-dist/tex/latex/pgf/compatibility/pgfcomp-version-0-65.sty
Package: pgfcomp-version-0-65 2020/01/08 v3.1.5b (3.1.5b)
\pgf@nodesepstart=\dimen192
\pgf@nodesepend=\dimen193
) (c:/texlive/2020/texmf-dist/tex/latex/pgf/compatibility/pgfcomp-version-1-18.sty
Package: pgfcomp-version-1-18 2020/01/08 v3.1.5b (3.1.5b)
)) (c:/texlive/2020/texmf-dist/tex/latex/pgf/utilities/pgffor.sty (c:/texlive/2020/texmf-dist/tex/latex/pgf/utilities/pgfkeys.sty (c:/texlive/2020/texmf-dist/tex/generic/pgf/utilities/pgfkeys.code.tex)) (c:/texlive/2020/texmf-dist/tex/latex/pgf/math/pgfmath.sty (c:/texlive/2020/texmf-dist/tex/generic/pgf/math/pgfmath.code.tex)) (c:/texlive/2020/texmf-dist/tex/generic/pgf/utilities/pgffor.code.tex
Package: pgffor 2020/01/08 v3.1.5b (3.1.5b)
 (c:/texlive/2020/texmf-dist/tex/generic/pgf/math/pgfmath.code.tex)
\pgffor@iter=\dimen194
\pgffor@skip=\dimen195
\pgffor@stack=\toks39
\pgffor@toks=\toks40
)) (c:/texlive/2020/texmf-dist/tex/generic/pgf/frontendlayer/tikz/tikz.code.tex
Package: tikz 2020/01/08 v3.1.5b (3.1.5b)
 (c:/texlive/2020/texmf-dist/tex/generic/pgf/libraries/pgflibraryplothandlers.code.tex
File: pgflibraryplothandlers.code.tex 2020/01/08 v3.1.5b (3.1.5b)
\pgf@plot@mark@count=\count283
\pgfplotmarksize=\dimen196
)
\tikz@lastx=\dimen197
\tikz@lasty=\dimen198
\tikz@lastxsaved=\dimen199
\tikz@lastysaved=\dimen256
\tikz@lastmovetox=\dimen257
\tikz@lastmovetoy=\dimen258
\tikzleveldistance=\dimen259
\tikzsiblingdistance=\dimen260
\tikz@figbox=\box62
\tikz@figbox@bg=\box63
\tikz@tempbox=\box64
\tikz@tempbox@bg=\box65
\tikztreelevel=\count284
\tikznumberofchildren=\count285
\tikznumberofcurrentchild=\count286
\tikz@fig@count=\count287
 (c:/texlive/2020/texmf-dist/tex/generic/pgf/modules/pgfmodulematrix.code.tex
File: pgfmodulematrix.code.tex 2020/01/08 v3.1.5b (3.1.5b)
\pgfmatrixcurrentrow=\count288
\pgfmatrixcurrentcolumn=\count289
\pgf@matrix@numberofcolumns=\count290
)
\tikz@expandcount=\count291
 (c:/texlive/2020/texmf-dist/tex/generic/pgf/frontendlayer/tikz/libraries/tikzlibrarytopaths.code.tex
File: tikzlibrarytopaths.code.tex 2020/01/08 v3.1.5b (3.1.5b)
))) (c:/texlive/2020/texmf-dist/tex/generic/pgfplots/pgfplots.code.tex (c:/texlive/2020/texmf-dist/tex/generic/pgfplots/pgfplotscore.code.tex
\t@pgfplots@toka=\toks41
\t@pgfplots@tokb=\toks42
\t@pgfplots@tokc=\toks43
\pgfplots@tmpa=\dimen261
\c@pgfplots@coordindex=\count292
\c@pgfplots@scanlineindex=\count293
 (c:/texlive/2020/texmf-dist/tex/generic/pgfplots/sys/pgfplotssysgeneric.code.tex)) (c:/texlive/2020/texmf-dist/tex/generic/pgfplots/libs/pgfplotslibrary.code.tex) (c:/texlive/2020/texmf-dist/tex/generic/pgfplots/oldpgfcompatib/pgfplotsoldpgfsupp_loader.code.tex (c:/texlive/2020/texmf-dist/tex/generic/pgf/libraries/pgflibraryfpu.code.tex)) (c:/texlive/2020/texmf-dist/tex/generic/pgfplots/util/pgfplotsutil.code.tex (c:/texlive/2020/texmf-dist/tex/generic/pgfplots/liststructure/pgfplotsliststructure.code.tex) (c:/texlive/2020/texmf-dist/tex/generic/pgfplots/liststructure/pgfplotsliststructureext.code.tex) (c:/texlive/2020/texmf-dist/tex/generic/pgfplots/liststructure/pgfplotsarray.code.tex
\c@pgfplotsarray@tmp=\count294
) (c:/texlive/2020/texmf-dist/tex/generic/pgfplots/liststructure/pgfplotsmatrix.code.tex) (c:/texlive/2020/texmf-dist/tex/generic/pgfplots/numtable/pgfplotstableshared.code.tex
\c@pgfplotstable@counta=\count295
\t@pgfplotstable@a=\toks44
) (c:/texlive/2020/texmf-dist/tex/generic/pgfplots/liststructure/pgfplotsdeque.code.tex) (c:/texlive/2020/texmf-dist/tex/generic/pgfplots/util/pgfplotsbinary.code.tex (c:/texlive/2020/texmf-dist/tex/generic/pgfplots/util/pgfplotsbinary.data.code.tex)) (c:/texlive/2020/texmf-dist/tex/generic/pgfplots/util/pgfplotsutil.verb.code.tex) (c:/texlive/2020/texmf-dist/tex/generic/pgfplots/libs/pgflibrarypgfplots.surfshading.code.tex
\c@pgfplotslibrarysurf@no=\count296
 (c:/texlive/2020/texmf-dist/tex/generic/pgfplots/sys/pgflibrarypgfplots.surfshading.pgfsys-pdftex.def))) (c:/texlive/2020/texmf-dist/tex/generic/pgfplots/util/pgfplotscolormap.code.tex (c:/texlive/2020/texmf-dist/tex/generic/pgfplots/util/pgfplotscolor.code.tex)) (c:/texlive/2020/texmf-dist/tex/generic/pgfplots/pgfplotsstackedplots.code.tex) (c:/texlive/2020/texmf-dist/tex/generic/pgfplots/pgfplotsplothandlers.code.tex (c:/texlive/2020/texmf-dist/tex/generic/pgfplots/pgfplotsmeshplothandler.code.tex (c:/texlive/2020/texmf-dist/tex/generic/pgfplots/pgfplotsmeshplotimage.code.tex))) (c:/texlive/2020/texmf-dist/tex/generic/pgfplots/pgfplots.scaling.code.tex) (c:/texlive/2020/texmf-dist/tex/generic/pgfplots/pgfplotscoordprocessing.code.tex) (c:/texlive/2020/texmf-dist/tex/generic/pgfplots/pgfplots.errorbars.code.tex) (c:/texlive/2020/texmf-dist/tex/generic/pgfplots/pgfplots.markers.code.tex) (c:/texlive/2020/texmf-dist/tex/generic/pgfplots/pgfplotsticks.code.tex) (c:/texlive/2020/texmf-dist/tex/generic/pgfplots/pgfplots.paths.code.tex) (c:/texlive/2020/texmf-dist/tex/generic/pgf/frontendlayer/tikz/libraries/tikzlibrarydecorations.code.tex (c:/texlive/2020/texmf-dist/tex/generic/pgf/modules/pgfmoduledecorations.code.tex
\pgfdecoratedcompleteddistance=\dimen262
\pgfdecoratedremainingdistance=\dimen263
\pgfdecoratedinputsegmentcompleteddistance=\dimen264
\pgfdecoratedinputsegmentremainingdistance=\dimen265
\pgf@decorate@distancetomove=\dimen266
\pgf@decorate@repeatstate=\count297
\pgfdecorationsegmentamplitude=\dimen267
\pgfdecorationsegmentlength=\dimen268
)
\tikz@lib@dec@box=\box66
) (c:/texlive/2020/texmf-dist/tex/generic/pgf/frontendlayer/tikz/libraries/tikzlibrarydecorations.pathmorphing.code.tex (c:/texlive/2020/texmf-dist/tex/generic/pgf/libraries/decorations/pgflibrarydecorations.pathmorphing.code.tex)) (c:/texlive/2020/texmf-dist/tex/generic/pgf/frontendlayer/tikz/libraries/tikzlibrarydecorations.pathreplacing.code.tex (c:/texlive/2020/texmf-dist/tex/generic/pgf/libraries/decorations/pgflibrarydecorations.pathreplacing.code.tex))
\pgfplots@numplots=\count298
\pgfplots@xmin@reg=\dimen269
\pgfplots@xmax@reg=\dimen270
\pgfplots@ymin@reg=\dimen271
\pgfplots@ymax@reg=\dimen272
\pgfplots@zmin@reg=\dimen273
\pgfplots@zmax@reg=\dimen274
) (c:/texlive/2020/texmf-dist/tex/generic/pgf/frontendlayer/tikz/libraries/tikzlibraryplotmarks.code.tex
File: tikzlibraryplotmarks.code.tex 2020/01/08 v3.1.5b (3.1.5b)
 (c:/texlive/2020/texmf-dist/tex/generic/pgf/libraries/pgflibraryplotmarks.code.tex
File: pgflibraryplotmarks.code.tex 2020/01/08 v3.1.5b (3.1.5b)
)))
\c@theorem=\count299
\c@lemma=\count300
\c@corollary=\count301
\c@example=\count302
\c@definition=\count303
 (c:/texlive/2020/texmf-dist/tex/latex/cjk/texinput/extended.enc
File: extended.enc 2015/04/18 4.8.4
) (c:/texlive/2020/texmf-dist/tex/latex/cjk/texinput/extended.chr
File: extended.chr 2015/04/18 4.8.4
) (c:/code/LaTeX/Linear-Algebra-Done-Right/Linear-Algebra-Done-Right.aux)
\openout1 = `Linear-Algebra-Done-Right.aux'.

LaTeX Font Info:    Checking defaults for OML/cmm/m/it on input line 143.
LaTeX Font Info:    ... okay on input line 143.
LaTeX Font Info:    Checking defaults for OMS/cmsy/m/n on input line 143.
LaTeX Font Info:    ... okay on input line 143.
LaTeX Font Info:    Checking defaults for OT1/cmr/m/n on input line 143.
LaTeX Font Info:    ... okay on input line 143.
LaTeX Font Info:    Checking defaults for T1/cmr/m/n on input line 143.
LaTeX Font Info:    ... okay on input line 143.
LaTeX Font Info:    Checking defaults for TS1/cmr/m/n on input line 143.
LaTeX Font Info:    ... okay on input line 143.
LaTeX Font Info:    Checking defaults for OMX/cmex/m/n on input line 143.
LaTeX Font Info:    ... okay on input line 143.
LaTeX Font Info:    Checking defaults for U/cmr/m/n on input line 143.
LaTeX Font Info:    ... okay on input line 143.
LaTeX Font Info:    Checking defaults for C00/song/m/n on input line 143.
LaTeX Font Info:    ... okay on input line 143.
LaTeX Font Info:    Checking defaults for C05/song/m/n on input line 143.
LaTeX Font Info:    ... okay on input line 143.
LaTeX Font Info:    Checking defaults for C09/song/m/n on input line 143.
LaTeX Font Info:    ... okay on input line 143.
LaTeX Font Info:    Checking defaults for C10/song/m/n on input line 143.
LaTeX Font Info:    ... okay on input line 143.
LaTeX Font Info:    Checking defaults for C20/song/m/n on input line 143.
LaTeX Font Info:    ... okay on input line 143.
LaTeX Font Info:    Checking defaults for C19/song/m/n on input line 143.
LaTeX Font Info:    ... okay on input line 143.
LaTeX Font Info:    Checking defaults for C40/song/m/n on input line 143.
LaTeX Font Info:    ... okay on input line 143.
LaTeX Font Info:    Checking defaults for C42/song/m/n on input line 143.
LaTeX Font Info:    ... okay on input line 143.
LaTeX Font Info:    Checking defaults for C43/song/m/n on input line 143.
LaTeX Font Info:    ... okay on input line 143.
LaTeX Font Info:    Checking defaults for C50/song/m/n on input line 143.
LaTeX Font Info:    ... okay on input line 143.
LaTeX Font Info:    Checking defaults for C52/song/m/n on input line 143.
LaTeX Font Info:    ... okay on input line 143.
LaTeX Font Info:    Checking defaults for C49/song/m/n on input line 143.
LaTeX Font Info:    ... okay on input line 143.
LaTeX Font Info:    Checking defaults for C60/mj/m/n on input line 143.
LaTeX Font Info:    ... okay on input line 143.
LaTeX Font Info:    Checking defaults for C61/mj/m/n on input line 143.
LaTeX Font Info:    ... okay on input line 143.
LaTeX Font Info:    Checking defaults for C63/mj/m/n on input line 143.
LaTeX Font Info:    ... okay on input line 143.
LaTeX Font Info:    Checking defaults for C64/mj/m/n on input line 143.
LaTeX Font Info:    ... okay on input line 143.
LaTeX Font Info:    Checking defaults for C65/mj/m/n on input line 143.
LaTeX Font Info:    ... okay on input line 143.
LaTeX Font Info:    Checking defaults for C70/song/m/n on input line 143.
LaTeX Font Info:    ... okay on input line 143.
LaTeX Font Info:    Checking defaults for C31/song/m/n on input line 143.
LaTeX Font Info:    ... okay on input line 143.
LaTeX Font Info:    Checking defaults for C32/song/m/n on input line 143.
LaTeX Font Info:    ... okay on input line 143.
LaTeX Font Info:    Checking defaults for C33/song/m/n on input line 143.
LaTeX Font Info:    ... okay on input line 143.
LaTeX Font Info:    Checking defaults for C34/song/m/n on input line 143.
LaTeX Font Info:    ... okay on input line 143.
LaTeX Font Info:    Checking defaults for C35/song/m/n on input line 143.
LaTeX Font Info:    ... okay on input line 143.
LaTeX Font Info:    Checking defaults for C36/song/m/n on input line 143.
LaTeX Font Info:    ... okay on input line 143.
LaTeX Font Info:    Checking defaults for C37/song/m/n on input line 143.
LaTeX Font Info:    ... okay on input line 143.
LaTeX Font Info:    Checking defaults for C80/song/m/n on input line 143.
LaTeX Font Info:    ... okay on input line 143.
LaTeX Font Info:    Checking defaults for C81/song/m/n on input line 143.
LaTeX Font Info:    ... okay on input line 143.
LaTeX Font Info:    Checking defaults for C01/song/m/n on input line 143.
LaTeX Font Info:    ... okay on input line 143.
LaTeX Font Info:    Checking defaults for C11/song/m/n on input line 143.
LaTeX Font Info:    ... okay on input line 143.
LaTeX Font Info:    Checking defaults for C21/song/m/n on input line 143.
LaTeX Font Info:    ... okay on input line 143.
LaTeX Font Info:    Checking defaults for C41/song/m/n on input line 143.
LaTeX Font Info:    ... okay on input line 143.
LaTeX Font Info:    Checking defaults for C62/song/m/n on input line 143.
LaTeX Font Info:    ... okay on input line 143.
 (c:/texlive/2020/texmf-dist/tex/context/base/mkii/supp-pdf.mkii
[Loading MPS to PDF converter (version 2006.09.02).]
\scratchcounter=\count304
\scratchdimen=\dimen275
\scratchbox=\box67
\nofMPsegments=\count305
\nofMParguments=\count306
\everyMPshowfont=\toks45
\MPscratchCnt=\count307
\MPscratchDim=\dimen276
\MPnumerator=\count308
\makeMPintoPDFobject=\count309
\everyMPtoPDFconversion=\toks46
) (c:/texlive/2020/texmf-dist/tex/latex/epstopdf-pkg/epstopdf-base.sty
Package: epstopdf-base 2020-01-24 v2.11 Base part for package epstopdf
Package epstopdf-base Info: Redefining graphics rule for `.eps' on input line 485.
 (c:/texlive/2020/texmf-dist/tex/latex/latexconfig/epstopdf-sys.cfg
File: epstopdf-sys.cfg 2010/07/13 v1.3 Configuration of (r)epstopdf for TeX Live
)) ABD: EverySelectfont initializing macros
LaTeX Info: Redefining \selectfont on input line 143.
 ABD: EveryShipout initializing macros

Package pgfplots Warning: running in backwards compatibility mode (unsuitable tick labels; missing features). Consider writing \pgfplotsset{compat=1.17} into your preamble.
 on input line 143.

(c:/texlive/2020/texmf-dist/tex/latex/cjk/texinput/UTF8/UTF8.bdg
File: UTF8.bdg 2015/04/18 4.8.4
) (c:/texlive/2020/texmf-dist/tex/latex/cjk/texinput/UTF8/UTF8.enc
File: UTF8.enc 2015/04/18 4.8.4
) (c:/texlive/2020/texmf-dist/tex/latex/cjk/texinput/UTF8/UTF8.chr
File: UTF8.chr 2015/04/18 4.8.4
)
LaTeX Font Info:    Trying to load font information for U+msa on input line 147.
 (c:/texlive/2020/texmf-dist/tex/latex/amsfonts/umsa.fd
File: umsa.fd 2013/01/14 v3.01 AMS symbols A
)
LaTeX Font Info:    Trying to load font information for U+msb on input line 147.
 (c:/texlive/2020/texmf-dist/tex/latex/amsfonts/umsb.fd
File: umsb.fd 2013/01/14 v3.01 AMS symbols B
)
LaTeX Font Info:    Trying to load font information for C70+rm on input line 148.
 (c:/texlive/2020/texmf-dist/tex/latex/ctex/fd/c70rm.fd
File: c70rm.fd 2019/05/29 v2.4.16 Chinese font definition (CTEX)
) (c:/code/LaTeX/Linear-Algebra-Done-Right/Linear-Algebra-Done-Right.toc [1

] [2]
Overfull \hbox (10.7042pt too wide) in paragraph at lines 88--88
 [][] []\OT1/cmr/m/n/10.53937 Approximation by Lin-ear Maps with Lower-Dimensional 
 []

[3])
\tf@toc=\write4
\openout4 = `Linear-Algebra-Done-Right.toc'.


Underfull \hbox (badness 10000) in paragraph at lines 155--156

 []


Underfull \hbox (badness 10000) in paragraph at lines 160--161

 []

[4]
Underfull \hbox (badness 10000) in paragraph at lines 200--201

 []

[5]
Underfull \hbox (badness 10000) in paragraph at lines 212--213

 []


Underfull \hbox (badness 10000) in paragraph at lines 227--228

 []


Underfull \hbox (badness 10000) in paragraph at lines 233--240

 []

[6]
Underfull \hbox (badness 10000) in paragraph at lines 265--266

 []

[7]
Underfull \hbox (badness 10000) in paragraph at lines 306--307

 []


Underfull \hbox (badness 10000) in paragraph at lines 312--313

 []


Underfull \hbox (badness 10000) in paragraph at lines 314--315

 []

[8]
Underfull \hbox (badness 10000) in paragraph at lines 355--358

 []


Underfull \hbox (badness 10000) in paragraph at lines 359--360

 []


Underfull \hbox (badness 10000) in paragraph at lines 361--362

 []

[9]
Underfull \hbox (badness 10000) in paragraph at lines 366--369

 []


Underfull \hbox (badness 10000) in paragraph at lines 370--371

 []


Underfull \hbox (badness 10000) in paragraph at lines 392--394

 []

[10]
Overfull \hbox (16.61787pt too wide) in paragraph at lines 401--402
[]\OT1/cmr/m/n/10.53937 https://math.stackexchange.com/questions/60698/if-a-field-f-is-such-that-
 []


Underfull \hbox (badness 10000) in paragraph at lines 403--404

 []


Underfull \hbox (badness 10000) in paragraph at lines 416--417

 []


Overfull \hbox (4.02057pt too wide) in paragraph at lines 418--419
[]\OT1/cmr/m/it/10.53937 Avector space is called infinite-dimensional if it is not finite-dimensional. 
 []


Underfull \hbox (badness 10000) in paragraph at lines 418--419

 []

[11]
Underfull \hbox (badness 10000) in paragraph at lines 470--471

 []


Underfull \hbox (badness 10000) in paragraph at lines 472--473

 []

[12]
Underfull \hbox (badness 10000) in paragraph at lines 490--491

 []


Underfull \hbox (badness 3826) in paragraph at lines 503--503
[]\OT1/cmr/m/n/10.53937 for sub-sets $\OML/cmm/m/it/10.53937 S[]; S[]ofS$\OT1/cmr/m/n/10.53937 , the
 []


Underfull \hbox (badness 1584) in paragraph at lines 505--506
[]$[]\OT1/cmr/m/n/10.53937 (\OML/cmm/m/it/10.53937 V[] \OT1/cmr/m/n/10.53937 + \OML/cmm/m/it/10.53937 V[]\OT1/cmr/m/n/10.53937 ) = [] \OML/cmm/m/it/10.53937 V[] \OT1/cmr/m/n/10.53937 +
 []


Underfull \hbox (badness 1584) in paragraph at lines 507--508
[]$[]\OT1/cmr/m/n/10.53937 (\OML/cmm/m/it/10.53937 V[] \OT1/cmr/m/n/10.53937 + \OML/cmm/m/it/10.53937 V[]\OT1/cmr/m/n/10.53937 ) = [] \OML/cmm/m/it/10.53937 V[] \OT1/cmr/m/n/10.53937 +
 []


Underfull \hbox (badness 4819) in paragraph at lines 509--509
[]$\OML/cmm/m/it/10.53937 S[] [] [] [] S[]$ \OT1/cmr/m/n/10.53937 is a dis-joint
 []

[13]
Underfull \hbox (badness 10000) in paragraph at lines 550--551

 []


Underfull \hbox (badness 10000) in paragraph at lines 552--553

 []

[14]
Underfull \hbox (badness 10000) in paragraph at lines 564--565

 []


Underfull \hbox (badness 10000) in paragraph at lines 570--571

 []


Underfull \hbox (badness 10000) in paragraph at lines 574--576

 []


Underfull \hbox (badness 10000) in paragraph at lines 577--578

 []


Underfull \hbox (badness 10000) in paragraph at lines 581--582

 []


Underfull \hbox (badness 10000) in paragraph at lines 583--584

 []

[15]
Underfull \hbox (badness 10000) in paragraph at lines 588--589

 []


Underfull \hbox (badness 10000) in paragraph at lines 591--594

 []


Underfull \hbox (badness 10000) in paragraph at lines 591--594

 []


Underfull \hbox (badness 10000) in paragraph at lines 595--596

 []


Underfull \hbox (badness 10000) in paragraph at lines 598--601

 []


Underfull \hbox (badness 10000) in paragraph at lines 598--601

 []


Underfull \hbox (badness 10000) in paragraph at lines 602--603

 []


Underfull \hbox (badness 10000) in paragraph at lines 605--608

 []


Underfull \hbox (badness 10000) in paragraph at lines 605--608

 []


Underfull \hbox (badness 10000) in paragraph at lines 609--610

 []

[16]
Underfull \hbox (badness 10000) in paragraph at lines 612--613

 []


Underfull \hbox (badness 10000) in paragraph at lines 614--615

 []


Underfull \hbox (badness 10000) in paragraph at lines 619--620

 []


Underfull \hbox (badness 10000) in paragraph at lines 621--622

 []


Underfull \hbox (badness 10000) in paragraph at lines 623--624

 []


Underfull \hbox (badness 10000) in paragraph at lines 634--635

 []


Underfull \hbox (badness 10000) in paragraph at lines 636--637

 []


Underfull \hbox (badness 10000) in paragraph at lines 642--643

 []

[17]
Underfull \hbox (badness 10000) in paragraph at lines 645--646

 []


Underfull \hbox (badness 10000) in paragraph at lines 654--655

 []


Underfull \hbox (badness 10000) in paragraph at lines 661--664

 []


Underfull \hbox (badness 10000) in paragraph at lines 665--667

 []


Underfull \hbox (badness 10000) in paragraph at lines 675--678

 []

[18]
Underfull \hbox (badness 10000) in paragraph at lines 679--681

 []


Underfull \hbox (badness 10000) in paragraph at lines 688--689

 []


Underfull \hbox (badness 10000) in paragraph at lines 690--691

 []


Underfull \hbox (badness 10000) in paragraph at lines 692--693

 []


Overfull \hbox (33.94936pt too wide) in paragraph at lines 694--695
[]\OT1/cmr/m/n/10.53937 https://math.stackexchange.com/questions/16175/on-sort-of-linear-functions-
 []


Underfull \hbox (badness 10000) in paragraph at lines 701--703

 []


Underfull \hbox (badness 10000) in paragraph at lines 704--705

 []


Underfull \hbox (badness 10000) in paragraph at lines 706--707

 []

[19]
Underfull \hbox (badness 10000) in paragraph at lines 729--731

 []


Underfull \hbox (badness 10000) in paragraph at lines 732--734

 []


Underfull \hbox (badness 10000) in paragraph at lines 735--737

 []


Underfull \hbox (badness 10000) in paragraph at lines 738--740

 []


Underfull \hbox (badness 10000) in paragraph at lines 741--742

 []

[20]
Underfull \hbox (badness 10000) in paragraph at lines 757--758

 []


Underfull \hbox (badness 10000) in paragraph at lines 762--763

 []


Underfull \hbox (badness 10000) in paragraph at lines 765--766

 []


Underfull \hbox (badness 10000) in paragraph at lines 767--768

 []


Underfull \hbox (badness 10000) in paragraph at lines 769--770

 []


Underfull \hbox (badness 10000) in paragraph at lines 771--772

 []

[21]
Underfull \hbox (badness 10000) in paragraph at lines 779--780

 []


Underfull \hbox (badness 10000) in paragraph at lines 781--782

 []


Underfull \hbox (badness 10000) in paragraph at lines 783--784

 []


Underfull \hbox (badness 10000) in paragraph at lines 792--793

 []


Overfull \hbox (6.31566pt too wide) detected at line 801
[][]
 []

[22]
Underfull \hbox (badness 10000) in paragraph at lines 810--813

 []


Underfull \hbox (badness 10000) in paragraph at lines 828--830

 []


Underfull \hbox (badness 10000) in paragraph at lines 834--836

 []


Underfull \hbox (badness 10000) in paragraph at lines 837--839

 []


Underfull \hbox (badness 10000) in paragraph at lines 840--842

 []

[23]
Underfull \hbox (badness 10000) in paragraph at lines 855--856

 []


Underfull \hbox (badness 10000) in paragraph at lines 871--872

 []

[24]
Underfull \hbox (badness 10000) in paragraph at lines 879--880

 []


Underfull \hbox (badness 10000) in paragraph at lines 884--885

 []


Underfull \hbox (badness 10000) in paragraph at lines 887--888

 []


Underfull \hbox (badness 10000) in paragraph at lines 891--892

 []


Underfull \hbox (badness 10000) in paragraph at lines 897--898

 []


Underfull \hbox (badness 10000) in paragraph at lines 899--900

 []

[25]
Underfull \hbox (badness 10000) in paragraph at lines 905--906

 []


Underfull \hbox (badness 10000) in paragraph at lines 909--910

 []


Underfull \hbox (badness 10000) in paragraph at lines 918--919

 []


Underfull \hbox (badness 10000) in paragraph at lines 923--924

 []


Underfull \hbox (badness 10000) in paragraph at lines 926--927

 []


Underfull \hbox (badness 10000) in paragraph at lines 928--929

 []

[26]
Underfull \hbox (badness 10000) in paragraph at lines 935--936

 []


Underfull \hbox (badness 10000) in paragraph at lines 939--940

 []


Underfull \hbox (badness 10000) in paragraph at lines 942--943

 []


Underfull \hbox (badness 10000) in paragraph at lines 944--945

 []


Underfull \hbox (badness 10000) in paragraph at lines 954--955

 []

[27]
Underfull \hbox (badness 10000) in paragraph at lines 977--978

 []


Underfull \hbox (badness 10000) in paragraph at lines 979--981

 []


Underfull \hbox (badness 10000) in paragraph at lines 982--984

 []


Underfull \hbox (badness 10000) in paragraph at lines 985--986

 []


Underfull \hbox (badness 10000) in paragraph at lines 987--988

 []


Underfull \hbox (badness 10000) in paragraph at lines 989--990

 []


Underfull \hbox (badness 10000) in paragraph at lines 991--992

 []


Overfull \hbox (7.93214pt too wide) in paragraph at lines 993--994
[]\OT1/cmr/m/n/10.53937 Let $\OML/cmm/m/it/10.53937 w[] \OT1/cmr/m/n/10.53937 = \OML/cmm/m/it/10.53937 Tv[] \OMS/cmsy/m/n/10.53937 ^^@ \OML/cmm/m/it/10.53937 w[] \OMS/cmsy/m/n/10.53937 ^^@ [] ^^@ \OML/cmm/m/it/10.53937 w[]$\OT1/cmr/m/n/10.53937 , and also $\OML/cmm/m/it/10.53937 w[]; [] ; w[]$ \OT1/cmr/m/n/10.53937 are linearly-independent,
 []


Underfull \hbox (badness 10000) in paragraph at lines 1002--1003

 []

[28]
Underfull \hbox (badness 10000) in paragraph at lines 1006--1008

 []


Underfull \hbox (badness 10000) in paragraph at lines 1016--1017

 []


Underfull \hbox (badness 10000) in paragraph at lines 1018--1019

 []


Underfull \hbox (badness 10000) in paragraph at lines 1021--1022

 []


Underfull \hbox (badness 10000) in paragraph at lines 1024--1025

 []


Underfull \hbox (badness 10000) in paragraph at lines 1026--1027

 []


Overfull \hbox (4.95284pt too wide) in paragraph at lines 1030--1031
[]\OT1/cmr/bx/n/10.53937 Theorem 3.4.3. []\OT1/cmr/m/it/10.53937 in-jec-tiv-ity is equiv-a-lent to sur-jec-tiv-ity (if $[] \OML/cmm/m/it/10.53937 V \OT1/cmr/m/n/10.53937 = [] \OML/cmm/m/it/10.53937 W <
 []


Underfull \hbox (badness 10000) in paragraph at lines 1030--1031

 []


Underfull \hbox (badness 10000) in paragraph at lines 1032--1033

 []


Underfull \hbox (badness 10000) in paragraph at lines 1035--1036

 []

[29]
Underfull \hbox (badness 10000) in paragraph at lines 1039--1040

 []


Underfull \hbox (badness 10000) in paragraph at lines 1046--1047

 []


Underfull \hbox (badness 10000) in paragraph at lines 1050--1051

 []


Underfull \hbox (badness 10000) in paragraph at lines 1054--1055

 []


Underfull \hbox (badness 10000) in paragraph at lines 1056--1057

 []


Underfull \hbox (badness 10000) in paragraph at lines 1060--1061

 []


Underfull \hbox (badness 10000) in paragraph at lines 1062--1064

 []


Underfull \hbox (badness 10000) in paragraph at lines 1066--1067

 []


Underfull \hbox (badness 10000) in paragraph at lines 1069--1070

 []

[30]
Underfull \hbox (badness 10000) in paragraph at lines 1076--1077

 []


Underfull \hbox (badness 10000) in paragraph at lines 1079--1080

 []


Underfull \hbox (badness 10000) in paragraph at lines 1090--1091

 []


Underfull \hbox (badness 10000) in paragraph at lines 1092--1093

 []


Underfull \hbox (badness 10000) in paragraph at lines 1095--1096

 []


Underfull \hbox (badness 10000) in paragraph at lines 1097--1098

 []

[31]
Underfull \hbox (badness 10000) in paragraph at lines 1101--1102

 []


Underfull \hbox (badness 10000) in paragraph at lines 1103--1104

 []


Underfull \hbox (badness 10000) in paragraph at lines 1121--1122

 []


Underfull \hbox (badness 10000) in paragraph at lines 1123--1124

 []


Underfull \hbox (badness 10000) in paragraph at lines 1127--1128

 []


Underfull \hbox (badness 10000) in paragraph at lines 1139--1140

 []


Underfull \hbox (badness 10000) in paragraph at lines 1141--1142

 []

[32]
Underfull \hbox (badness 10000) in paragraph at lines 1145--1146

 []


Underfull \hbox (badness 10000) in paragraph at lines 1153--1154

 []


Underfull \hbox (badness 10000) in paragraph at lines 1155--1156

 []


Underfull \hbox (badness 10000) in paragraph at lines 1158--1159

 []


Underfull \hbox (badness 10000) in paragraph at lines 1165--1167

 []


Underfull \hbox (badness 10000) in paragraph at lines 1170--1172

 []


Underfull \hbox (badness 10000) in paragraph at lines 1173--1175

 []


Underfull \hbox (badness 10000) in paragraph at lines 1176--1177

 []

[33]
Underfull \hbox (badness 10000) in paragraph at lines 1191--1192

 []


Underfull \hbox (badness 10000) in paragraph at lines 1200--1203

 []


Underfull \hbox (badness 10000) in paragraph at lines 1204--1205

 []

[34]
Underfull \hbox (badness 10000) in paragraph at lines 1212--1215

 []


Underfull \hbox (badness 10000) in paragraph at lines 1216--1218

 []


Underfull \hbox (badness 10000) in paragraph at lines 1219--1220

 []


Underfull \hbox (badness 10000) in paragraph at lines 1224--1226

 []


Underfull \hbox (badness 10000) in paragraph at lines 1230--1232

 []


Underfull \hbox (badness 10000) in paragraph at lines 1233--1234

 []


Underfull \hbox (badness 10000) in paragraph at lines 1235--1236

 []


Underfull \hbox (badness 10000) in paragraph at lines 1237--1238

 []

[35]
Underfull \hbox (badness 10000) in paragraph at lines 1247--1248

 []


Underfull \hbox (badness 10000) in paragraph at lines 1263--1264

 []


Underfull \hbox (badness 10000) in paragraph at lines 1265--1267

 []


Underfull \hbox (badness 10000) in paragraph at lines 1270--1271

 []


Underfull \hbox (badness 10000) in paragraph at lines 1277--1278

 []


Underfull \hbox (badness 10000) in paragraph at lines 1280--1282

 []

[36]
Underfull \hbox (badness 10000) in paragraph at lines 1287--1288

 []


Underfull \hbox (badness 10000) in paragraph at lines 1289--1290

 []


Underfull \hbox (badness 10000) in paragraph at lines 1294--1295

 []


Underfull \hbox (badness 10000) in paragraph at lines 1302--1303

 []


Underfull \hbox (badness 10000) in paragraph at lines 1304--1305

 []


Underfull \hbox (badness 10000) in paragraph at lines 1308--1309

 []


Underfull \hbox (badness 10000) in paragraph at lines 1310--1311

 []


Underfull \hbox (badness 10000) in paragraph at lines 1314--1315

 []

[37]
Underfull \hbox (badness 10000) in paragraph at lines 1325--1327

 []


Underfull \hbox (badness 10000) in paragraph at lines 1330--1331

 []


Underfull \hbox (badness 10000) in paragraph at lines 1332--1334

 []


Underfull \hbox (badness 10000) in paragraph at lines 1353--1354

 []

[38]
Underfull \hbox (badness 10000) in paragraph at lines 1357--1359

 []


Underfull \hbox (badness 10000) in paragraph at lines 1362--1363

 []


Underfull \hbox (badness 10000) in paragraph at lines 1369--1370

 []


Underfull \hbox (badness 10000) in paragraph at lines 1376--1377

 []


Underfull \hbox (badness 10000) in paragraph at lines 1386--1387

 []


Underfull \hbox (badness 10000) in paragraph at lines 1389--1392

 []


Underfull \hbox (badness 10000) in paragraph at lines 1393--1395

 []


Underfull \hbox (badness 10000) in paragraph at lines 1396--1397

 []

[39]
Underfull \hbox (badness 10000) in paragraph at lines 1399--1401

 []


Underfull \hbox (badness 10000) in paragraph at lines 1405--1406

 []


Underfull \hbox (badness 10000) in paragraph at lines 1412--1415

 []


Underfull \hbox (badness 10000) in paragraph at lines 1416--1418

 []


Underfull \hbox (badness 10000) in paragraph at lines 1419--1420

 []


Underfull \hbox (badness 10000) in paragraph at lines 1421--1422

 []

[40]
Underfull \hbox (badness 10000) in paragraph at lines 1423--1424

 []


Underfull \hbox (badness 10000) in paragraph at lines 1432--1434

 []


Underfull \hbox (badness 10000) in paragraph at lines 1435--1436

 []


Underfull \hbox (badness 10000) in paragraph at lines 1437--1438

 []


Underfull \hbox (badness 10000) in paragraph at lines 1440--1442

 []


Underfull \hbox (badness 10000) in paragraph at lines 1447--1449

 []

[41]
Underfull \hbox (badness 10000) in paragraph at lines 1450--1451

 []


Underfull \hbox (badness 10000) in paragraph at lines 1459--1461

 []


Overfull \hbox (9.23502pt too wide) in paragraph at lines 1475--1476
[]\OT1/cmr/m/n/10.53937 (b) Prove that if $\OML/cmm/m/it/10.53937 B$ \OT1/cmr/m/n/10.53937 is a trans-late of some sub-space of $\OML/cmm/m/it/10.53937 V$ \OT1/cmr/m/n/10.53937 and $\OMS/cmsy/m/n/10.53937 f\OML/cmm/m/it/10.53937 v[]; [] ; v[]\OMS/cmsy/m/n/10.53937 g ^^Z
 []


Underfull \hbox (badness 10000) in paragraph at lines 1477--1479

 []

[42]
Underfull \hbox (badness 10000) in paragraph at lines 1491--1493

 []


Underfull \hbox (badness 10000) in paragraph at lines 1496--1497

 []


Underfull \hbox (badness 10000) in paragraph at lines 1512--1513

 []


Underfull \hbox (badness 10000) in paragraph at lines 1514--1515

 []

[43]
Underfull \hbox (badness 10000) in paragraph at lines 1516--1517

 []


Underfull \hbox (badness 10000) in paragraph at lines 1518--1519

 []


Underfull \hbox (badness 10000) in paragraph at lines 1520--1521

 []


Underfull \hbox (badness 10000) in paragraph at lines 1522--1523

 []


Underfull \hbox (badness 10000) in paragraph at lines 1528--1529

 []


Underfull \hbox (badness 10000) in paragraph at lines 1534--1536

 []

[44]
Underfull \hbox (badness 10000) in paragraph at lines 1543--1544

 []


Underfull \hbox (badness 10000) in paragraph at lines 1545--1546

 []


Underfull \hbox (badness 10000) in paragraph at lines 1549--1550

 []


Underfull \hbox (badness 10000) in paragraph at lines 1551--1552

 []


Underfull \hbox (badness 10000) in paragraph at lines 1555--1556

 []


Underfull \hbox (badness 10000) in paragraph at lines 1562--1563

 []


Underfull \hbox (badness 10000) in paragraph at lines 1574--1575

 []


Underfull \hbox (badness 10000) in paragraph at lines 1576--1577

 []


Underfull \hbox (badness 10000) in paragraph at lines 1580--1581

 []

[45]
Underfull \hbox (badness 10000) in paragraph at lines 1582--1583

 []


Underfull \hbox (badness 10000) in paragraph at lines 1586--1587

 []


Underfull \hbox (badness 10000) in paragraph at lines 1593--1594

 []


Underfull \hbox (badness 10000) in paragraph at lines 1601--1602

 []


Underfull \hbox (badness 10000) in paragraph at lines 1607--1608

 []


Underfull \hbox (badness 10000) in paragraph at lines 1614--1615

 []


Underfull \hbox (badness 10000) in paragraph at lines 1620--1621

 []


Underfull \hbox (badness 10000) in paragraph at lines 1627--1628

 []

[46]
Underfull \hbox (badness 10000) in paragraph at lines 1637--1638

 []


Underfull \hbox (badness 10000) in paragraph at lines 1647--1648

 []


Underfull \hbox (badness 10000) in paragraph at lines 1655--1656

 []


Underfull \hbox (badness 10000) in paragraph at lines 1661--1662

 []


Underfull \hbox (badness 10000) in paragraph at lines 1665--1666

 []


Underfull \hbox (badness 10000) in paragraph at lines 1672--1673

 []

[47]
Underfull \hbox (badness 10000) in paragraph at lines 1682--1684

 []


Underfull \hbox (badness 10000) in paragraph at lines 1692--1693

 []


Overfull \hbox (8.93224pt too wide) in paragraph at lines 1696--1697
[]\OT1/cmr/m/n/10.53937 suppose $\OML/cmm/m/it/10.53937 '\OT1/cmr/m/n/10.53937 (\OML/cmm/m/it/10.53937 f\OT1/cmr/m/n/10.53937 ) = (\OML/cmm/m/it/10.53937 P[]f; [] ; P[]f\OT1/cmr/m/n/10.53937 ) = (0\OML/cmm/m/it/10.53937 ; [] ; \OT1/cmr/m/n/10.53937 0)$, then $\OML/cmm/m/it/10.53937 P[]f \OT1/cmr/m/n/10.53937 = 0 (\OML/cmm/m/it/10.53937 i \OT1/cmr/m/n/10.53937 = 1\OML/cmm/m/it/10.53937 ; [] ; m\OT1/cmr/m/n/10.53937 )$,
 []


Underfull \hbox (badness 10000) in paragraph at lines 1696--1697

 []


Underfull \hbox (badness 10000) in paragraph at lines 1709--1710

 []

[48]
Underfull \hbox (badness 10000) in paragraph at lines 1751--1753

 []

[49]
Overfull \hbox (39.9697pt too wide) in paragraph at lines 1761--1763
\OT1/cmr/m/n/10.53937 Back to this ex-er-cise, first ex-tend the $\OML/cmm/m/it/10.53937 '[]; [] ; '[]$ \OT1/cmr/m/n/10.53937 into a ba-sis of $\OML/cmm/m/it/10.53937 V[]$\OT1/cmr/m/n/10.53937 ,$\OML/cmm/m/it/10.53937 '[]; [] ; '[]; [] ; '[]$\OT1/cmr/m/n/10.53937 ,
 []


Underfull \hbox (badness 10000) in paragraph at lines 1761--1763

 []


Underfull \hbox (badness 10000) in paragraph at lines 1783--1785

 []

[50]
Underfull \hbox (badness 10000) in paragraph at lines 1807--1808

 []


Underfull \hbox (badness 10000) in paragraph at lines 1810--1811

 []


Underfull \hbox (badness 10000) in paragraph at lines 1816--1817

 []


Underfull \hbox (badness 10000) in paragraph at lines 1829--1830

 []

[51]
Underfull \hbox (badness 10000) in paragraph at lines 1835--1836

 []

LaTeX Font Info:    Trying to load font information for OMS+cmr on input line 1844.
(c:/texlive/2020/texmf-dist/tex/latex/base/omscmr.fd
File: omscmr.fd 2019/12/16 v2.5j Standard LaTeX font definitions
)
LaTeX Font Info:    Font shape `OMS/cmr/bx/it' in size <10.53937> not available
(Font)              Font shape `OMS/cmsy/b/n' tried instead on input line 1844.

Overfull \hbox (1.95932pt too wide) in paragraph at lines 1850--1851
[]$[]\OML/cmm/m/it/10.53937 T$ \OT1/cmr/m/it/10.53937 The sub-space $[]\OML/cmm/m/it/10.53937 T$ \OT1/cmr/m/it/10.53937 is in-vari-ant un-der $\OML/cmm/m/it/10.53937 T$ \OT1/cmr/m/it/10.53937 be-cause if $\OML/cmm/m/it/10.53937 u \OMS/cmsy/m/n/10.53937 2 []\OML/cmm/m/it/10.53937 T$\OT1/cmr/m/it/10.53937 ,
 []


Underfull \hbox (badness 10000) in paragraph at lines 1855--1856

 []


Underfull \hbox (badness 10000) in paragraph at lines 1861--1862

 []


Underfull \hbox (badness 10000) in paragraph at lines 1875--1876

 []

[52]
Underfull \hbox (badness 10000) in paragraph at lines 1881--1882

 []


Underfull \hbox (badness 10000) in paragraph at lines 1887--1888

 []


Underfull \hbox (badness 10000) in paragraph at lines 1894--1895

 []


Underfull \hbox (badness 10000) in paragraph at lines 1907--1908

 []


Underfull \hbox (badness 10000) in paragraph at lines 1916--1917

 []

[53]
Underfull \hbox (badness 10000) in paragraph at lines 1923--1924

 []


Underfull \hbox (badness 10000) in paragraph at lines 1933--1934

 []


Overfull \hbox (27.63193pt too wide) in paragraph at lines 1942--1944
[] \OML/cmm/m/it/10.53937 V$\OT1/cmr/m/n/10.53937 , no matther whether $\OML/cmm/m/it/10.53937 $ \OT1/cmr/m/n/10.53937 is the eigen-value or not, let $\OML/cmm/m/it/10.53937 ^^N \OT1/cmr/m/n/10.53937 = [][] []$
 []

[54]
Overfull \hbox (51.37946pt too wide) detected at line 1986
\OML/cmm/m/it/10.53937 T[]\OT1/cmr/m/n/10.53937 (\OMS/cmsy/m/n/10.53937 ^^@\OML/cmm/m/it/10.53937 u; v\OT1/cmr/m/n/10.53937 ) = \OMS/cmsy/m/n/10.53937 ^^@\OML/cmm/m/it/10.53937 Tu \OT1/cmr/m/n/10.53937 + \OML/cmm/m/it/10.53937 iTv \OT1/cmr/m/n/10.53937 = \OMS/cmsy/m/n/10.53937 ^^@\OML/cmm/m/it/10.53937 au \OT1/cmr/m/n/10.53937 + \OML/cmm/m/it/10.53937 bv \OT1/cmr/m/n/10.53937 + \OML/cmm/m/it/10.53937 i\OT1/cmr/m/n/10.53937 (\OML/cmm/m/it/10.53937 bu \OT1/cmr/m/n/10.53937 + \OML/cmm/m/it/10.53937 av\OT1/cmr/m/n/10.53937 ) = (\OML/cmm/m/it/10.53937 a \OMS/cmsy/m/n/10.53937 ^^@ \OML/cmm/m/it/10.53937 bi\OT1/cmr/m/n/10.53937 )(\OMS/cmsy/m/n/10.53937 ^^@\OML/cmm/m/it/10.53937 u\OT1/cmr/m/n/10.53937 ) + \OML/cmm/m/it/10.53937 i\OT1/cmr/m/n/10.53937 (\OML/cmm/m/it/10.53937 a \OMS/cmsy/m/n/10.53937 ^^@ \OML/cmm/m/it/10.53937 bi\OT1/cmr/m/n/10.53937 )\OML/cmm/m/it/10.53937 v \OT1/cmr/m/n/10.53937 = (\OML/cmm/m/it/10.53937 a \OMS/cmsy/m/n/10.53937 ^^@ \OML/cmm/m/it/10.53937 bi\OT1/cmr/m/n/10.53937 )(\OMS/cmsy/m/n/10.53937 ^^@\OML/cmm/m/it/10.53937 u; v\OT1/cmr/m/n/10.53937 )
 []


Underfull \hbox (badness 10000) in paragraph at lines 1996--1998

 []

[55]
Underfull \hbox (badness 10000) in paragraph at lines 1999--2000

 []

[56]
Underfull \hbox (badness 10000) in paragraph at lines 2025--2028

 []


Underfull \hbox (badness 10000) in paragraph at lines 2029--2031

 []


Underfull \hbox (badness 10000) in paragraph at lines 2031--2033

 []


Underfull \hbox (badness 10000) in paragraph at lines 2046--2047

 []


Overfull \hbox (2.65872pt too wide) in paragraph at lines 2048--2049
[]\OT1/cmr/m/it/10.53937 Every op-er-a-tor on a \OT1/cmr/bx/it/10.53937 finite-dimensional \OT1/cmr/m/it/10.53937 nonzero \OT1/cmr/bx/it/10.53937 com-plex \OT1/cmr/m/it/10.53937 vec-tor space
 []

[57]
Underfull \hbox (badness 10000) in paragraph at lines 2061--2062

 []


Underfull \hbox (badness 10000) in paragraph at lines 2067--2068

 []


Underfull \hbox (badness 10000) in paragraph at lines 2073--2074

 []


Underfull \hbox (badness 10000) in paragraph at lines 2080--2081

 []


Underfull \hbox (badness 10000) in paragraph at lines 2090--2091

 []

[58]
Underfull \hbox (badness 10000) in paragraph at lines 2096--2097

 []


Underfull \hbox (badness 10000) in paragraph at lines 2102--2103

 []


Underfull \hbox (badness 10000) in paragraph at lines 2110--2111

 []


Underfull \hbox (badness 10000) in paragraph at lines 2116--2117

 []


Underfull \hbox (badness 10000) in paragraph at lines 2118--2119

 []


Underfull \hbox (badness 10000) in paragraph at lines 2126--2127

 []

[59]
Underfull \hbox (badness 10000) in paragraph at lines 2132--2133

 []


Overfull \hbox (1.62665pt too wide) in paragraph at lines 2138--2139
\OT1/cmr/m/n/10.53937 So for the poly-no-mial $\OML/cmm/m/it/10.53937 p\OT1/cmr/m/n/10.53937 (\OML/cmm/m/it/10.53937 x\OT1/cmr/m/n/10.53937 ) \OMS/cmsy/m/n/10.53937 ^^@ \OML/cmm/m/it/10.53937 $\OT1/cmr/m/n/10.53937 , there is a num-ber $\OML/cmm/m/it/10.53937 c \OMS/cmsy/m/n/10.53937 6\OT1/cmr/m/n/10.53937 = 0$ and roots $\OML/cmm/m/it/10.53937 r[]; r[]; [] ; r[]$
 []


Overfull \hbox (11.56288pt too wide) in paragraph at lines 2151--2152
[]\OT1/cmr/m/n/10.53937 Hint: Show that if $\OML/cmm/m/it/10.53937 S$ \OT1/cmr/m/n/10.53937 is in-vert-ible and $\OML/cmm/m/it/10.53937 p \OMS/cmsy/m/n/10.53937 2 P\OT1/cmr/m/n/10.53937 (\U/msb/m/n/10.53937 F\OT1/cmr/m/n/10.53937 )$, then $\OML/cmm/m/it/10.53937 p\OT1/cmr/m/n/10.53937 (\OML/cmm/m/it/10.53937 TS\OT1/cmr/m/n/10.53937 ) = \OML/cmm/m/it/10.53937 S[]p\OT1/cmr/m/n/10.53937 (\OML/cmm/m/it/10.53937 ST\OT1/cmr/m/n/10.53937 )\OML/cmm/m/it/10.53937 S$\OT1/cmr/m/n/10.53937 . 
 []

[60]
Underfull \hbox (badness 10000) in paragraph at lines 2164--2166

 []

[61] [62]
Underfull \hbox (badness 10000) in paragraph at lines 2234--2236

 []


Underfull \hbox (badness 10000) in paragraph at lines 2262--2263

 []

[63]
Underfull \hbox (badness 10000) in paragraph at lines 2277--2278

 []


Underfull \hbox (badness 10000) in paragraph at lines 2283--2284

 []


Underfull \hbox (badness 10000) in paragraph at lines 2289--2290

 []


Underfull \hbox (badness 10000) in paragraph at lines 2301--2302

 []


Underfull \hbox (badness 10000) in paragraph at lines 2309--2310

 []

[64]
Overfull \hbox (14.95294pt too wide) in paragraph at lines 2315--2316
[]\OT1/cmr/bx/n/10.53937 Theorem 5.3.4. []\OT1/cmr/m/it/10.53937 nec-es-sary and suf-fi-cient con-di-tion to have an upper-triangular
 []


Underfull \hbox (badness 10000) in paragraph at lines 2315--2316

 []


Underfull \hbox (badness 10000) in paragraph at lines 2321--2322

 []


Underfull \hbox (badness 10000) in paragraph at lines 2334--2335

 []


Underfull \hbox (badness 10000) in paragraph at lines 2340--2341

 []


Underfull \hbox (badness 10000) in paragraph at lines 2346--2347

 []

[65]
Underfull \hbox (badness 10000) in paragraph at lines 2354--2355

 []


Underfull \hbox (badness 10000) in paragraph at lines 2363--2364

 []


Underfull \hbox (badness 10000) in paragraph at lines 2377--2378

 []


Underfull \hbox (badness 10000) in paragraph at lines 2383--2384

 []

[66]
Underfull \hbox (badness 10000) in paragraph at lines 2391--2392

 []


Underfull \hbox (badness 10000) in paragraph at lines 2399--2400

 []


Underfull \hbox (badness 10000) in paragraph at lines 2416--2417

 []

[67] [68]
Underfull \hbox (badness 10000) in paragraph at lines 2463--2465

 []


Underfull \hbox (badness 10000) in paragraph at lines 2466--2467

 []


Underfull \hbox (badness 10000) in paragraph at lines 2481--2483

 []

[69] [70]
Underfull \hbox (badness 10000) in paragraph at lines 2543--2545

 []


Overfull \hbox (36.99059pt too wide) detected at line 2554
\OML/cmm/m/it/10.53937 T=U\OT1/cmr/m/n/10.53937 (\OML/cmm/m/it/10.53937 v \OT1/cmr/m/n/10.53937 + \OML/cmm/m/it/10.53937 U\OT1/cmr/m/n/10.53937 ) = \OML/cmm/m/it/10.53937 c[]T=U\OT1/cmr/m/n/10.53937 (\OML/cmm/m/it/10.53937 v[] \OT1/cmr/m/n/10.53937 + \OML/cmm/m/it/10.53937 U\OT1/cmr/m/n/10.53937 ) = \OML/cmm/m/it/10.53937 c[]\OT1/cmr/m/n/10.53937 (\OML/cmm/m/it/10.53937 Tv[] \OT1/cmr/m/n/10.53937 + \OML/cmm/m/it/10.53937 U\OT1/cmr/m/n/10.53937 ) = \OML/cmm/m/it/10.53937 c[]\OT1/cmr/m/n/10.53937 (\OML/cmm/m/it/10.53937 v[] \OT1/cmr/m/n/10.53937 + \OML/cmm/m/it/10.53937 v[] \OT1/cmr/m/n/10.53937 + \OML/cmm/m/it/10.53937 U\OT1/cmr/m/n/10.53937 ) = \OML/cmm/m/it/10.53937 c[]v[] \OT1/cmr/m/n/10.53937 + \OML/cmm/m/it/10.53937 c[]v[] \OT1/cmr/m/n/10.53937 + \OML/cmm/m/it/10.53937 U \OT1/cmr/m/n/10.53937 = \OML/cmm/m/it/10.53937 v \OT1/cmr/m/n/10.53937 + \OML/cmm/m/it/10.53937 U
 []


Underfull \hbox (badness 10000) in paragraph at lines 2554--2556

 []


Underfull \hbox (badness 10000) in paragraph at lines 2562--2564

 []

[71]
Underfull \hbox (badness 10000) in paragraph at lines 2572--2573

 []


Underfull \hbox (badness 10000) in paragraph at lines 2580--2581

 []


Underfull \hbox (badness 10000) in paragraph at lines 2587--2588

 []


Underfull \hbox (badness 10000) in paragraph at lines 2593--2594

 []


Underfull \hbox (badness 10000) in paragraph at lines 2599--2600

 []


Underfull \hbox (badness 10000) in paragraph at lines 2606--2607

 []

[72]
Underfull \hbox (badness 10000) in paragraph at lines 2612--2613

 []


Overfull \hbox (7.13632pt too wide) in paragraph at lines 2623--2626
\OT1/cmr/m/n/10.53937 Sup-pose $\OML/cmm/m/it/10.53937 D[]; D[]$ \OT1/cmr/m/n/10.53937 are the com-mut-ing par-tial dif-fer-en-ti-a-tion op-er-a-tors on $\OMS/cmsy/m/n/10.53937 P[]\OT1/cmr/m/n/10.53937 (\U/msb/m/n/10.53937 R[]\OT1/cmr/m/n/10.53937 )$
 []

[73]
Underfull \hbox (badness 10000) in paragraph at lines 2659--2660

 []


Underfull \hbox (badness 10000) in paragraph at lines 2667--2668

 []


Underfull \hbox (badness 10000) in paragraph at lines 2693--2694

 []

[74]
Underfull \hbox (badness 10000) in paragraph at lines 2699--2700

 []


Underfull \hbox (badness 10000) in paragraph at lines 2705--2706

 []


Underfull \hbox (badness 10000) in paragraph at lines 2721--2722

 []


Underfull \hbox (badness 10000) in paragraph at lines 2728--2729

 []


Underfull \hbox (badness 10000) in paragraph at lines 2738--2739

 []


Underfull \hbox (badness 10000) in paragraph at lines 2744--2745

 []

[75]
Underfull \hbox (badness 10000) in paragraph at lines 2752--2753

 []


Underfull \hbox (badness 10000) in paragraph at lines 2758--2759

 []


Underfull \hbox (badness 10000) in paragraph at lines 2764--2765

 []


Underfull \hbox (badness 10000) in paragraph at lines 2780--2781

 []

[76]
Underfull \hbox (badness 10000) in paragraph at lines 2788--2789

 []

[77] [78]
Underfull \hbox (badness 10000) in paragraph at lines 2842--2843

 []


Underfull \hbox (badness 10000) in paragraph at lines 2854--2855

 []

[79] [80]
Underfull \hbox (badness 10000) in paragraph at lines 2918--2919

 []


Underfull \hbox (badness 10000) in paragraph at lines 2932--2933

 []


Underfull \hbox (badness 10000) in paragraph at lines 2940--2941

 []


Underfull \hbox (badness 10000) in paragraph at lines 2946--2947

 []

[81]
Underfull \hbox (badness 10000) in paragraph at lines 2953--2954

 []


Underfull \hbox (badness 10000) in paragraph at lines 2959--2960

 []


Underfull \hbox (badness 10000) in paragraph at lines 2965--2966

 []


Underfull \hbox (badness 10000) in paragraph at lines 2977--2978

 []


Underfull \hbox (badness 10000) in paragraph at lines 2990--2991

 []

[82]
Underfull \hbox (badness 10000) in paragraph at lines 2996--2997

 []


Underfull \hbox (badness 10000) in paragraph at lines 3002--3003

 []


Underfull \hbox (badness 10000) in paragraph at lines 3008--3009

 []


Underfull \hbox (badness 10000) in paragraph at lines 3017--3018

 []


Underfull \hbox (badness 10000) in paragraph at lines 3025--3026

 []


Underfull \hbox (badness 10000) in paragraph at lines 3033--3034

 []

[83] [84]
Overfull \hbox (32.19655pt too wide) detected at line 3097
[]
 []

[85]
Underfull \hbox (badness 10000) in paragraph at lines 3118--3120

 []


Underfull \hbox (badness 10000) in paragraph at lines 3121--3122

 []


Underfull \hbox (badness 10000) in paragraph at lines 3123--3124

 []


Underfull \hbox (badness 10000) in paragraph at lines 3125--3126

 []

[86]
Underfull \hbox (badness 10000) in paragraph at lines 3127--3128

 []


Underfull \hbox (badness 10000) in paragraph at lines 3129--3130

 []


Underfull \hbox (badness 10000) in paragraph at lines 3132--3134

 []


Overfull \hbox (44.91454pt too wide) detected at line 3141
[][]
 []


Underfull \hbox (badness 10000) in paragraph at lines 3144--3145

 []


Underfull \hbox (badness 10000) in paragraph at lines 3146--3147

 []

[87]
Underfull \hbox (badness 10000) in paragraph at lines 3148--3149

 []

[88]
Overfull \hbox (1.43001pt too wide) in paragraph at lines 3183--3183
[]\OT1/cmr/bx/n/12.045 Orthogonal Com-ple-ments and Min-i-miza-tion Prob-lems 
 []


Underfull \hbox (badness 10000) in paragraph at lines 3188--3189

 []


Underfull \hbox (badness 10000) in paragraph at lines 3195--3196

 []


Underfull \hbox (badness 10000) in paragraph at lines 3209--3210

 []


Underfull \hbox (badness 10000) in paragraph at lines 3216--3217

 []

[89]
Underfull \hbox (badness 10000) in paragraph at lines 3230--3231

 []


Underfull \hbox (badness 10000) in paragraph at lines 3237--3238

 []


Underfull \hbox (badness 10000) in paragraph at lines 3244--3245

 []


Underfull \hbox (badness 10000) in paragraph at lines 3269--3270

 []

[90]
Underfull \hbox (badness 10000) in paragraph at lines 3281--3282

 []


Underfull \hbox (badness 10000) in paragraph at lines 3293--3294

 []


Underfull \hbox (badness 10000) in paragraph at lines 3299--3300

 []


Underfull \hbox (badness 10000) in paragraph at lines 3307--3308

 []

[91]
Underfull \hbox (badness 10000) in paragraph at lines 3315--3316

 []


Underfull \hbox (badness 10000) in paragraph at lines 3319--3320

 []


Underfull \hbox (badness 10000) in paragraph at lines 3341--3343

 []

[92]
Underfull \hbox (badness 10000) in paragraph at lines 3369--3371

 []


Overfull \hbox (12.54594pt too wide) in paragraph at lines 3376--3378
\OT1/cmr/m/n/10.53937 which im-plies that $[] = 0$. Since $\OML/cmm/m/it/10.53937 u; w$ \OT1/cmr/m/n/10.53937 are ar-bi-trar-ily cho-sen, $[]\OML/cmm/m/it/10.53937 P\OMS/cmsy/m/n/10.53937 ?[]\OML/cmm/m/it/10.53937 P$\OT1/cmr/m/n/10.53937 ,
 []

[93]
Underfull \hbox (badness 10000) in paragraph at lines 3416--3417

 []

[94]
Underfull \hbox (badness 10000) in paragraph at lines 3423--3424

 []


Underfull \hbox (badness 10000) in paragraph at lines 3426--3427

 []


Underfull \hbox (badness 10000) in paragraph at lines 3432--3433

 []


Underfull \hbox (badness 10000) in paragraph at lines 3455--3456

 []

[95]
Underfull \hbox (badness 10000) in paragraph at lines 3469--3470

 []


Underfull \hbox (badness 10000) in paragraph at lines 3475--3476

 []


Underfull \hbox (badness 10000) in paragraph at lines 3477--3478

 []


Underfull \hbox (badness 10000) in paragraph at lines 3480--3481

 []


Overfull \hbox (15.9215pt too wide) in paragraph at lines 3482--3483
\OML/cmm/m/it/10.53937 f[]; [] ; f[]$ \OT1/cmr/m/it/10.53937 is an or-thonor-mal ba-sis of $\OML/cmm/m/it/10.53937 W$\OT1/cmr/m/it/10.53937 . Then $\OMS/cmsy/m/n/10.53937 M\OT1/cmr/m/n/10.53937 (\OML/cmm/m/it/10.53937 T[]; \OT1/cmr/m/n/10.53937 (\OML/cmm/m/it/10.53937 f[]; [] ; f[]\OT1/cmr/m/n/10.53937 )\OML/cmm/m/it/10.53937 ; \OT1/cmr/m/n/10.53937 (\OML/cmm/m/it/10.53937 e[]; [] ; e[]\OT1/cmr/m/n/10.53937 ))$
 []


Overfull \hbox (2.4065pt too wide) in paragraph at lines 3482--3483
\OT1/cmr/m/it/10.53937 is the con-ju-gate trans-pose of $\OMS/cmsy/m/n/10.53937 M\OT1/cmr/m/n/10.53937 (\OML/cmm/m/it/10.53937 T; \OT1/cmr/m/n/10.53937 (\OML/cmm/m/it/10.53937 e[]; [] ; e[]\OT1/cmr/m/n/10.53937 )\OML/cmm/m/it/10.53937 ; \OT1/cmr/m/n/10.53937 (\OML/cmm/m/it/10.53937 f[]; [] ; f[]\OT1/cmr/m/n/10.53937 ))$\OT1/cmr/m/it/10.53937 . In other words, 
 []

LaTeX Font Info:    Trying to load font information for C70+gkai on input line 3486.
(c:/texlive/2020/texmf-dist/tex/latex/cjk/texinput/UTF8/c70gkai.fd
File: c70gkai.fd 2015/04/18 4.8.4
) (c:/texlive/2020/texmf-dist/tex/latex/cjk/texinput/UTF8/c70gkai.fdx
File: c70gkai.fdx 2015/04/18 4.8.4
)
Underfull \hbox (badness 10000) in paragraph at lines 3486--3487

 []

[96]
Underfull \hbox (badness 10000) in paragraph at lines 3488--3489

 []


Underfull \hbox (badness 10000) in paragraph at lines 3490--3491

 []


Underfull \hbox (badness 10000) in paragraph at lines 3492--3493

 []


Underfull \hbox (badness 10000) in paragraph at lines 3497--3498

 []


Underfull \hbox (badness 10000) in paragraph at lines 3502--3503

 []


Underfull \hbox (badness 10000) in paragraph at lines 3504--3505

 []


Underfull \hbox (badness 10000) in paragraph at lines 3507--3508

 []

[97]
Underfull \hbox (badness 10000) in paragraph at lines 3515--3516

 []


Underfull \hbox (badness 10000) in paragraph at lines 3520--3521

 []


Underfull \hbox (badness 10000) in paragraph at lines 3523--3524

 []


Underfull \hbox (badness 10000) in paragraph at lines 3529--3530

 []


Underfull \hbox (badness 10000) in paragraph at lines 3546--3547

 []


Underfull \hbox (badness 10000) in paragraph at lines 3553--3554

 []

[98]
Underfull \hbox (badness 10000) in paragraph at lines 3569--3570

 []


Underfull \hbox (badness 10000) in paragraph at lines 3575--3576

 []

[99]
Underfull \hbox (badness 10000) in paragraph at lines 3632--3633

 []


Underfull \hbox (badness 10000) in paragraph at lines 3643--3645

 []


Overfull \hbox (15.72205pt too wide) in paragraph at lines 3648--3649
[]\OT1/cmr/m/n/10.53937 From the prop-erty of nor-mal op-er-a-tor, we have $[]\OML/cmm/m/it/10.53937 P \OT1/cmr/m/n/10.53937 = []\OML/cmm/m/it/10.53937 P[]; []P \OT1/cmr/m/n/10.53937 =
 []

[100]
Underfull \hbox (badness 10000) in paragraph at lines 3651--3653

 []

[101]
Underfull \hbox (badness 10000) in paragraph at lines 3706--3708

 []


Underfull \hbox (badness 10000) in paragraph at lines 3715--3716

 []

[102]
Underfull \hbox (badness 10000) in paragraph at lines 3742--3743

 []

[103] [104]
Overfull \hbox (77.79889pt too wide) detected at line 3846
[][]
 []

[105]
Underfull \hbox (badness 10000) in paragraph at lines 3859--3860

 []


Underfull \hbox (badness 10000) in paragraph at lines 3874--3875

 []

[106]
Underfull \hbox (badness 10000) in paragraph at lines 3888--3889

 []

[107]
Underfull \hbox (badness 10000) in paragraph at lines 3925--3926

 []


Underfull \hbox (badness 10000) in paragraph at lines 3954--3955

 []


Underfull \hbox (badness 10000) in paragraph at lines 3957--3959

 []

[108]
Underfull \hbox (badness 10000) in paragraph at lines 4010--4011

 []


Underfull \hbox (badness 10000) in paragraph at lines 4020--4021

 []

[109]
Underfull \hbox (badness 10000) in paragraph at lines 4026--4027

 []


Underfull \hbox (badness 10000) in paragraph at lines 4044--4045

 []


Underfull \hbox (badness 10000) in paragraph at lines 4052--4053

 []


Underfull \hbox (badness 10000) in paragraph at lines 4058--4059

 []

[110]
Underfull \hbox (badness 10000) in paragraph at lines 4078--4080

 []

[111]
Underfull \hbox (badness 10000) in paragraph at lines 4104--4106

 []


Overfull \hbox (25.957pt too wide) in paragraph at lines 4107--4108
[]\OT1/cmr/m/n/10.53937 https://math.stackexchange.com/questions/4309056/how-to-show-a-hilbert-
 []


Overfull \hbox (7.51309pt too wide) in paragraph at lines 4109--4110
[]\OT1/cmr/m/n/10.53937 https://math.stackexchange.com/questions/1754729/prove-the-positive-
 []

[112]
Underfull \hbox (badness 10000) in paragraph at lines 4123--4125

 []


Underfull \hbox (badness 10000) in paragraph at lines 4137--4139

 []


Underfull \hbox (badness 10000) in paragraph at lines 4148--4149

 []

[113]
Underfull \hbox (badness 10000) in paragraph at lines 4156--4157

 []


Underfull \hbox (badness 10000) in paragraph at lines 4181--4182

 []


Underfull \hbox (badness 10000) in paragraph at lines 4188--4189

 []

[114]
Underfull \hbox (badness 10000) in paragraph at lines 4208--4209

 []


Underfull \hbox (badness 10000) in paragraph at lines 4214--4215

 []


Underfull \hbox (badness 10000) in paragraph at lines 4225--4226

 []


Underfull \hbox (badness 10000) in paragraph at lines 4231--4232

 []

[115]
Underfull \hbox (badness 10000) in paragraph at lines 4245--4246

 []


Underfull \hbox (badness 10000) in paragraph at lines 4254--4255

 []


Underfull \hbox (badness 10000) in paragraph at lines 4260--4261

 []


Underfull \hbox (badness 10000) in paragraph at lines 4268--4269

 []

[116]
Underfull \hbox (badness 10000) in paragraph at lines 4289--4291

 []


Underfull \hbox (badness 10000) in paragraph at lines 4294--4295

 []

[117]
Underfull \hbox (badness 10000) in paragraph at lines 4310--4311

 []


Underfull \hbox (badness 10000) in paragraph at lines 4319--4321

 []

[118]
Underfull \hbox (badness 10000) in paragraph at lines 4356--4357

 []


Underfull \hbox (badness 10000) in paragraph at lines 4370--4371

 []


Underfull \hbox (badness 10000) in paragraph at lines 4376--4377

 []

[119]
Underfull \hbox (badness 10000) in paragraph at lines 4390--4391

 []


Underfull \hbox (badness 10000) in paragraph at lines 4397--4398

 []


Overfull \hbox (6.05432pt too wide) in paragraph at lines 4399--4400
[]\OT1/cmr/m/it/10.53937 Suppose $\OML/cmm/m/it/10.53937 T \OMS/cmsy/m/n/10.53937 2 L\OT1/cmr/m/n/10.53937 (\OML/cmm/m/it/10.53937 V; W\OT1/cmr/m/n/10.53937 )$ \OT1/cmr/m/it/10.53937 and the pos-i-tive sin-gu-lar val-ues of $\OML/cmm/m/it/10.53937 T$ \OT1/cmr/m/it/10.53937 are $\OML/cmm/m/it/10.53937 s[]; [] ; s[]$\OT1/cmr/m/it/10.53937 .
 []


Underfull \hbox (badness 10000) in paragraph at lines 4408--4409

 []


Overfull \hbox (2.05347pt too wide) in paragraph at lines 4416--4417
[]\OT1/cmr/m/it/10.53937 Suppose $\OML/cmm/m/it/10.53937 T \OMS/cmsy/m/n/10.53937 2 L\OT1/cmr/m/n/10.53937 (\OML/cmm/m/it/10.53937 V; W\OT1/cmr/m/n/10.53937 )$ \OT1/cmr/m/it/10.53937 and the pos-i-tive sin-gu-lar val-ues of $\OML/cmm/m/it/10.53937 Tares[]; [] ; s[]$\OT1/cmr/m/it/10.53937 .
 []

[120]
Underfull \hbox (badness 10000) in paragraph at lines 4427--4428

 []


Underfull \hbox (badness 10000) in paragraph at lines 4451--4452

 []

[121]
Underfull \hbox (badness 10000) in paragraph at lines 4461--4462

 []


Underfull \hbox (badness 10000) in paragraph at lines 4468--4469

 []


Underfull \hbox (badness 10000) in paragraph at lines 4482--4483

 []


Underfull \hbox (badness 10000) in paragraph at lines 4497--4498

 []

[122]
Underfull \hbox (badness 10000) in paragraph at lines 4507--4508

 []


Underfull \hbox (badness 10000) in paragraph at lines 4522--4523

 []


Underfull \hbox (badness 10000) in paragraph at lines 4531--4532

 []

[123]
Underfull \hbox (badness 10000) in paragraph at lines 4538--4539

 []


Underfull \hbox (badness 10000) in paragraph at lines 4545--4546

 []


Underfull \hbox (badness 10000) in paragraph at lines 4552--4553

 []


Underfull \hbox (badness 10000) in paragraph at lines 4558--4559

 []


Underfull \hbox (badness 10000) in paragraph at lines 4564--4565

 []


Underfull \hbox (badness 10000) in paragraph at lines 4572--4573

 []

[124]
Underfull \hbox (badness 10000) in paragraph at lines 4579--4580

 []


Underfull \hbox (badness 10000) in paragraph at lines 4587--4588

 []


Underfull \hbox (badness 10000) in paragraph at lines 4597--4598

 []

[125]
Underfull \hbox (badness 10000) in paragraph at lines 4608--4609

 []


Underfull \hbox (badness 10000) in paragraph at lines 4614--4615

 []

[126]
Underfull \hbox (badness 10000) in paragraph at lines 4649--4651

 []


Underfull \hbox (badness 10000) in paragraph at lines 4664--4665

 []


Underfull \hbox (badness 10000) in paragraph at lines 4672--4673

 []


Underfull \hbox (badness 10000) in paragraph at lines 4680--4681

 []


Overfull \hbox (9.1952pt too wide) in paragraph at lines 4687--4688
[]\OT1/cmr/m/n/10.53937 (a) Prove that $[]\OMS/cmsy/m/n/10.53937 fk\OML/cmm/m/it/10.53937 Te[]\OMS/cmsy/m/n/10.53937 k\OML/cmm/m/it/10.53937 ; [] ; \OMS/cmsy/m/n/10.53937 k\OML/cmm/m/it/10.53937 Te[]\OMS/cmsy/m/n/10.53937 kg ^^T k\OML/cmm/m/it/10.53937 T\OMS/cmsy/m/n/10.53937 k ^^T \OT1/cmr/m/n/10.53937 (\OMS/cmsy/m/n/10.53937 k\OML/cmm/m/it/10.53937 Te[]\OMS/cmsy/m/n/10.53937 k[] \OT1/cmr/m/n/10.53937 + [] + \OMS/cmsy/m/n/10.53937 k\OML/cmm/m/it/10.53937 Te[]\OMS/cmsy/m/n/10.53937 k[]\OT1/cmr/m/n/10.53937 )[]$. 
 []


Overfull \hbox (7.03503pt too wide) in paragraph at lines 4689--4690
[]\OT1/cmr/m/n/10.53937 (b) Prove that $\OMS/cmsy/m/n/10.53937 k\OML/cmm/m/it/10.53937 T\OMS/cmsy/m/n/10.53937 k \OT1/cmr/m/n/10.53937 = (\OMS/cmsy/m/n/10.53937 k\OML/cmm/m/it/10.53937 Te[]\OMS/cmsy/m/n/10.53937 k[] \OT1/cmr/m/n/10.53937 + [] + \OMS/cmsy/m/n/10.53937 k\OML/cmm/m/it/10.53937 Te[]\OMS/cmsy/m/n/10.53937 k[]\OT1/cmr/m/n/10.53937 )[]$ if and only if $[] []\OML/cmm/m/it/10.53937 T \OMS/cmsy/m/n/10.53937 ^^T
 []

[127]
Underfull \hbox (badness 10000) in paragraph at lines 4694--4695

 []


Underfull \hbox (badness 10000) in paragraph at lines 4702--4703

 []


Underfull \hbox (badness 10000) in paragraph at lines 4712--4713

 []


Underfull \hbox (badness 10000) in paragraph at lines 4720--4721

 []

[128]
Underfull \hbox (badness 10000) in paragraph at lines 4730--4731

 []


Underfull \hbox (badness 10000) in paragraph at lines 4747--4748

 []


Underfull \hbox (badness 10000) in paragraph at lines 4756--4757

 []


Underfull \hbox (badness 10000) in paragraph at lines 4763--4764

 []

[129]
Underfull \hbox (badness 10000) in paragraph at lines 4772--4773

 []


Underfull \hbox (badness 10000) in paragraph at lines 4782--4783

 []


Underfull \hbox (badness 10000) in paragraph at lines 4788--4789

 []


Underfull \hbox (badness 10000) in paragraph at lines 4794--4795

 []


Underfull \hbox (badness 10000) in paragraph at lines 4802--4803

 []

[130]
Underfull \hbox (badness 10000) in paragraph at lines 4808--4809

 []


Underfull \hbox (badness 10000) in paragraph at lines 4814--4815

 []


Overfull \hbox (2.33511pt too wide) in paragraph at lines 4824--4825
[]\OT1/cmr/bx/n/10.53937 Theorem 8.1.10. []\OT1/cmr/m/it/10.53937 min-i-mal poly-no-mial and upper-triangular ma-trix of nilpo-
 []


Underfull \hbox (badness 10000) in paragraph at lines 4824--4825

 []

[131]
Underfull \hbox (badness 10000) in paragraph at lines 4861--4863

 []

[132]
Underfull \hbox (badness 10000) in paragraph at lines 4904--4905

 []

[133]
Underfull \hbox (badness 10000) in paragraph at lines 4912--4913

 []


Underfull \hbox (badness 10000) in paragraph at lines 4918--4919

 []


Underfull \hbox (badness 10000) in paragraph at lines 4932--4933

 []


Overfull \hbox (20.78761pt too wide) in paragraph at lines 4936--4937
[]\C70/rm/m/it/10.53937/20 " \OT1/cmr/m/it/10.53937 In oth-er-words, the mul-ti-plic-ity of an eigen-value $\OML/cmm/m/it/10.53937 ^^U$ \OT1/cmr/m/it/10.53937 of $\OML/cmm/m/it/10.53937 T$ \OT1/cmr/m/it/10.53937 equals $[] []\OT1/cmr/m/n/10.53937 (\OML/cmm/m/it/10.53937 T \OMS/cmsy/m/n/10.53937 ^^@
 []


Underfull \hbox (badness 10000) in paragraph at lines 4940--4941

 []


Underfull \hbox (badness 10000) in paragraph at lines 4952--4953

 []

[134]
Underfull \hbox (badness 10000) in paragraph at lines 4960--4961

 []


Underfull \hbox (badness 10000) in paragraph at lines 4970--4971

 []


Underfull \hbox (badness 10000) in paragraph at lines 4976--4977

 []


Underfull \hbox (badness 10000) in paragraph at lines 4982--4983

 []


Underfull \hbox (badness 10000) in paragraph at lines 4990--4991

 []

[135] [136] [137]
Underfull \hbox (badness 10000) in paragraph at lines 5087--5088

 []


Underfull \hbox (badness 10000) in paragraph at lines 5095--5096

 []


Underfull \hbox (badness 10000) in paragraph at lines 5101--5102

 []

[138]
Underfull \hbox (badness 10000) in paragraph at lines 5114--5115

 []


Underfull \hbox (badness 10000) in paragraph at lines 5132--5133

 []


Underfull \hbox (badness 10000) in paragraph at lines 5138--5139

 []

[139]
Underfull \hbox (badness 10000) in paragraph at lines 5154--5155

 []


Underfull \hbox (badness 10000) in paragraph at lines 5160--5161

 []


Underfull \hbox (badness 10000) in paragraph at lines 5167--5168

 []


Underfull \hbox (badness 10000) in paragraph at lines 5174--5175

 []

[140]
Underfull \hbox (badness 10000) in paragraph at lines 5182--5183

 []


Underfull \hbox (badness 10000) in paragraph at lines 5188--5189

 []


Underfull \hbox (badness 10000) in paragraph at lines 5195--5196

 []


Underfull \hbox (badness 10000) in paragraph at lines 5202--5203

 []


Underfull \hbox (badness 10000) in paragraph at lines 5210--5211

 []

[141]
Underfull \hbox (badness 10000) in paragraph at lines 5240--5241

 []


Underfull \hbox (badness 10000) in paragraph at lines 5248--5249

 []


Underfull \hbox (badness 10000) in paragraph at lines 5254--5255

 []


Overfull \hbox (45.54411pt too wide) in paragraph at lines 5257--5259
\OT1/cmr/m/it/10.53937 If the ba-sis $\OML/cmm/m/it/10.53937 e[]; [] ; e[]$ \OT1/cmr/m/it/10.53937 is not clear from the con-text, then the no-ta-tion $\OMS/cmsy/m/n/10.53937 M\OT1/cmr/m/n/10.53937 (\OML/cmm/m/it/10.53937 ^^L; \OT1/cmr/m/n/10.53937 (\OML/cmm/m/it/10.53937 e[]; [] ; e[]\OT1/cmr/m/n/10.53937 ))$
 []

[142]
Underfull \hbox (badness 10000) in paragraph at lines 5263--5264

 []


Underfull \hbox (badness 10000) in paragraph at lines 5269--5270

 []


Underfull \hbox (badness 10000) in paragraph at lines 5278--5279

 []


Underfull \hbox (badness 10000) in paragraph at lines 5289--5290

 []


Underfull \hbox (badness 10000) in paragraph at lines 5297--5298

 []

[143]
Underfull \hbox (badness 10000) in paragraph at lines 5303--5304

 []


Underfull \hbox (badness 10000) in paragraph at lines 5317--5318

 []


Underfull \hbox (badness 10000) in paragraph at lines 5323--5324

 []


Underfull \hbox (badness 10000) in paragraph at lines 5331--5332

 []


Underfull \hbox (badness 10000) in paragraph at lines 5339--5340

 []

[144]
Underfull \hbox (badness 10000) in paragraph at lines 5348--5349

 []


Underfull \hbox (badness 10000) in paragraph at lines 5356--5357

 []


Underfull \hbox (badness 10000) in paragraph at lines 5364--5365

 []

[145]
Underfull \hbox (badness 10000) in paragraph at lines 5382--5383

 []


Underfull \hbox (badness 10000) in paragraph at lines 5393--5394

 []


Underfull \hbox (badness 10000) in paragraph at lines 5406--5407

 []

[146]
Underfull \hbox (badness 10000) in paragraph at lines 5418--5419

 []


Underfull \hbox (badness 10000) in paragraph at lines 5427--5428

 []


Underfull \hbox (badness 10000) in paragraph at lines 5434--5435

 []


Underfull \hbox (badness 10000) in paragraph at lines 5442--5443

 []


Underfull \hbox (badness 10000) in paragraph at lines 5448--5449

 []

[147]
Underfull \hbox (badness 10000) in paragraph at lines 5458--5459

 []


Underfull \hbox (badness 10000) in paragraph at lines 5466--5467

 []


Underfull \hbox (badness 10000) in paragraph at lines 5472--5473

 []


Underfull \hbox (badness 10000) in paragraph at lines 5480--5481

 []


Underfull \hbox (badness 10000) in paragraph at lines 5490--5491

 []


Underfull \hbox (badness 10000) in paragraph at lines 5496--5497

 []

[148] [149] (c:/code/LaTeX/Linear-Algebra-Done-Right/Linear-Algebra-Done-Right.aux) ) 
Here is how much of TeX's memory you used:
 26028 strings out of 480608
 650857 string characters out of 5907536
 1035528 words of memory out of 5000000
 41378 multiletter control sequences out of 15000+600000
 547191 words of font info for 79 fonts, out of 8000000 for 9000
 1141 hyphenation exceptions out of 8191
 68i,14n,98p,761b,609s stack positions out of 5000i,500n,10000p,200000b,80000s
<c:/Windows/Fonts/simkai.ttf

pdfTeX warning: pdflatex.exe (file c:/Windows/Fonts/simkai.ttf): subfont unikai20: wrong mapping: character 34 --> 0x2022 --> .notdef
><c:/Windows/Fonts/simhei.ttf

pdfTeX warning: pdflatex.exe (file c:/Windows/Fonts/simhei.ttf): subfont unihei00: wrong mapping: character 188 --> 0x00BC --> .notdef
><c:/Windows/Fonts/simhei.ttf

pdfTeX warning: pdflatex.exe (file c:/Windows/Fonts/simhei.ttf): subfont unihei01: wrong mapping: character 63 --> 0x013F --> .notdef
><c:/texlive/2020/texmf-dist/fonts/type1/public/amsfonts/cm/cmbsy10.pfb><c:/texlive/2020/texmf-dist/fonts/type1/public/amsfonts/cm/cmbx10.pfb><c:/texlive/2020/texmf-dist/fonts/type1/public/amsfonts/cm/cmbx12.pfb><c:/texlive/2020/texmf-dist/fonts/type1/public/amsfonts/cm/cmbxti10.pfb><c:/texlive/2020/texmf-dist/fonts/type1/public/amsfonts/cm/cmex10.pfb><c:/texlive/2020/texmf-dist/fonts/type1/public/amsfonts/cm/cmmi10.pfb><c:/texlive/2020/texmf-dist/fonts/type1/public/amsfonts/cm/cmmi5.pfb><c:/texlive/2020/texmf-dist/fonts/type1/public/amsfonts/cm/cmmi7.pfb><c:/texlive/2020/texmf-dist/fonts/type1/public/amsfonts/cm/cmmi8.pfb><c:/texlive/2020/texmf-dist/fonts/type1/public/amsfonts/cm/cmmib10.pfb><c:/texlive/2020/texmf-dist/fonts/type1/public/amsfonts/cm/cmr10.pfb><c:/texlive/2020/texmf-dist/fonts/type1/public/amsfonts/cm/cmr12.pfb><c:/texlive/2020/texmf-dist/fonts/type1/public/amsfonts/cm/cmr17.pfb><c:/texlive/2020/texmf-dist/fonts/type1/public/amsfonts/cm/cmr5.pfb><c:/texlive/2020/texmf-dist/fonts/type1/public/amsfonts/cm/cmr7.pfb><c:/texlive/2020/texmf-dist/fonts/type1/public/amsfonts/cm/cmsy10.pfb><c:/texlive/2020/texmf-dist/fonts/type1/public/amsfonts/cm/cmsy5.pfb><c:/texlive/2020/texmf-dist/fonts/type1/public/amsfonts/cm/cmsy7.pfb><c:/texlive/2020/texmf-dist/fonts/type1/public/amsfonts/cm/cmti10.pfb><c:/texlive/2020/texmf-dist/fonts/type1/public/amsfonts/cm/cmti7.pfb><c:/texlive/2020/texmf-dist/fonts/type1/arphic/gkaiu/gkaiu20.pfb><c:/texlive/2020/texmf-dist/fonts/type1/public/amsfonts/symbols/msam10.pfb><c:/texlive/2020/texmf-dist/fonts/type1/public/amsfonts/symbols/msbm10.pfb><c:/texlive/2020/texmf-dist/fonts/type1/public/amsfonts/symbols/msbm7.pfb>
Output written on c:/code/LaTeX/Linear-Algebra-Done-Right/Linear-Algebra-Done-Right.pdf (149 pages, 571614 bytes).
PDF statistics:
 597 PDF objects out of 1000 (max. 8388607)
 414 compressed objects within 5 object streams
 0 named destinations out of 1000 (max. 500000)
 13 words of extra memory for PDF output out of 10000 (max. 10000000)

